::1 - - [27/May/2017:06:00:19 +0000] "GET / HTTP/1.1" 304 - "-" "Mozilla/5.0 (Windows NT 10.0; Win64; x64) AppleWebKit/537.36 (KHTML, like Gecko) Chrome/58.0.3029.110 Safari/537.36"
::1 - - [27/May/2017:06:00:20 +0000] "GET /app.js HTTP/1.1" 304 - "http://localhost:8080/" "Mozilla/5.0 (Windows NT 10.0; Win64; x64) AppleWebKit/537.36 (KHTML, like Gecko) Chrome/58.0.3029.110 Safari/537.36"
::1 - - [27/May/2017:06:00:20 +0000] "GET /static/fonts/glyphicons-halflings-regular.448c34a.woff2 HTTP/1.1" 304 - "http://localhost:8080/" "Mozilla/5.0 (Windows NT 10.0; Win64; x64) AppleWebKit/537.36 (KHTML, like Gecko) Chrome/58.0.3029.110 Safari/537.36"
::1 - - [27/May/2017:06:00:37 +0000] "GET /api/user HTTP/1.1" 304 - "-" "Mozilla/5.0 (Windows NT 10.0; Win64; x64) AppleWebKit/537.36 (KHTML, like Gecko) Chrome/58.0.3029.110 Safari/537.36"
::1 - - [27/May/2017:06:00:37 +0000] "GET /__webpack_hmr HTTP/1.1" 200 - "http://localhost:8080/" "Mozilla/5.0 (Windows NT 10.0; Win64; x64) AppleWebKit/537.36 (KHTML, like Gecko) Chrome/58.0.3029.110 Safari/537.36"
::1 - - [27/May/2017:06:00:42 +0000] "GET /api/user HTTP/1.1" 304 - "-" "Mozilla/5.0 (Windows NT 10.0; Win64; x64) AppleWebKit/537.36 (KHTML, like Gecko) Chrome/58.0.3029.110 Safari/537.36"
::1 - - [27/May/2017:06:18:34 +0000] "GET / HTTP/1.1" 304 - "-" "Mozilla/5.0 (Windows NT 10.0; Win64; x64) AppleWebKit/537.36 (KHTML, like Gecko) Chrome/58.0.3029.110 Safari/537.36"
::1 - - [27/May/2017:06:18:35 +0000] "GET /app.js HTTP/1.1" 304 - "http://localhost:8080/" "Mozilla/5.0 (Windows NT 10.0; Win64; x64) AppleWebKit/537.36 (KHTML, like Gecko) Chrome/58.0.3029.110 Safari/537.36"
::1 - - [27/May/2017:06:18:35 +0000] "GET /static/fonts/glyphicons-halflings-regular.448c34a.woff2 HTTP/1.1" 304 - "http://localhost:8080/" "Mozilla/5.0 (Windows NT 10.0; Win64; x64) AppleWebKit/537.36 (KHTML, like Gecko) Chrome/58.0.3029.110 Safari/537.36"
::1 - - [27/May/2017:06:18:43 +0000] "GET /api/user/list HTTP/1.1" 200 22 "-" "Mozilla/5.0 (Windows NT 10.0; Win64; x64) AppleWebKit/537.36 (KHTML, like Gecko) Chrome/58.0.3029.110 Safari/537.36"
::1 - - [27/May/2017:06:18:43 +0000] "GET /__webpack_hmr HTTP/1.1" 200 - "http://localhost:8080/" "Mozilla/5.0 (Windows NT 10.0; Win64; x64) AppleWebKit/537.36 (KHTML, like Gecko) Chrome/58.0.3029.110 Safari/537.36"
::1 - - [27/May/2017:06:18:45 +0000] "GET /api/user/list HTTP/1.1" 304 - "-" "Mozilla/5.0 (Windows NT 10.0; Win64; x64) AppleWebKit/537.36 (KHTML, like Gecko) Chrome/58.0.3029.110 Safari/537.36"
::1 - - [27/May/2017:06:19:08 +0000] "GET /api/user/list HTTP/1.1" 304 - "-" "Mozilla/5.0 (Windows NT 10.0; Win64; x64) AppleWebKit/537.36 (KHTML, like Gecko) Chrome/58.0.3029.110 Safari/537.36"
::1 - - [27/May/2017:06:19:47 +0000] "GET /api/user HTTP/1.1" 304 - "-" "Mozilla/5.0 (Windows NT 10.0; Win64; x64) AppleWebKit/537.36 (KHTML, like Gecko) Chrome/58.0.3029.110 Safari/537.36"
::1 - - [27/May/2017:06:19:53 +0000] "GET /api/list HTTP/1.1" 200 22 "-" "Mozilla/5.0 (Windows NT 10.0; Win64; x64) AppleWebKit/537.36 (KHTML, like Gecko) Chrome/58.0.3029.110 Safari/537.36"
::1 - - [27/May/2017:06:19:54 +0000] "GET /api/list HTTP/1.1" 304 - "-" "Mozilla/5.0 (Windows NT 10.0; Win64; x64) AppleWebKit/537.36 (KHTML, like Gecko) Chrome/58.0.3029.110 Safari/537.36"
::1 - - [27/May/2017:06:19:59 +0000] "GET /api/user/list HTTP/1.1" 304 - "-" "Mozilla/5.0 (Windows NT 10.0; Win64; x64) AppleWebKit/537.36 (KHTML, like Gecko) Chrome/58.0.3029.110 Safari/537.36"
::1 - - [27/May/2017:06:20:29 +0000] "GET / HTTP/1.1" 304 - "-" "Mozilla/5.0 (Windows NT 10.0; Win64; x64) AppleWebKit/537.36 (KHTML, like Gecko) Chrome/58.0.3029.110 Safari/537.36"
::1 - - [27/May/2017:06:20:30 +0000] "GET /app.js HTTP/1.1" 304 - "http://localhost:8080/" "Mozilla/5.0 (Windows NT 10.0; Win64; x64) AppleWebKit/537.36 (KHTML, like Gecko) Chrome/58.0.3029.110 Safari/537.36"
::1 - - [27/May/2017:06:20:30 +0000] "GET /static/fonts/glyphicons-halflings-regular.448c34a.woff2 HTTP/1.1" 304 - "http://localhost:8080/" "Mozilla/5.0 (Windows NT 10.0; Win64; x64) AppleWebKit/537.36 (KHTML, like Gecko) Chrome/58.0.3029.110 Safari/537.36"
::1 - - [27/May/2017:06:20:34 +0000] "GET /api HTTP/1.1" 304 - "-" "Mozilla/5.0 (Windows NT 10.0; Win64; x64) AppleWebKit/537.36 (KHTML, like Gecko) Chrome/58.0.3029.110 Safari/537.36"
::1 - - [27/May/2017:06:20:34 +0000] "GET /__webpack_hmr HTTP/1.1" 200 - "http://localhost:8080/" "Mozilla/5.0 (Windows NT 10.0; Win64; x64) AppleWebKit/537.36 (KHTML, like Gecko) Chrome/58.0.3029.110 Safari/537.36"
::1 - - [27/May/2017:06:20:34 +0000] "GET /app.js HTTP/1.1" 304 - "http://localhost:8080/api" "Mozilla/5.0 (Windows NT 10.0; Win64; x64) AppleWebKit/537.36 (KHTML, like Gecko) Chrome/58.0.3029.110 Safari/537.36"
::1 - - [27/May/2017:06:20:34 +0000] "GET /static/fonts/glyphicons-halflings-regular.448c34a.woff2 HTTP/1.1" 304 - "http://localhost:8080/api" "Mozilla/5.0 (Windows NT 10.0; Win64; x64) AppleWebKit/537.36 (KHTML, like Gecko) Chrome/58.0.3029.110 Safari/537.36"
::1 - - [27/May/2017:06:20:41 +0000] "GET /api/user/list HTTP/1.1" 200 249 "-" "Mozilla/5.0 (Windows NT 10.0; Win64; x64) AppleWebKit/537.36 (KHTML, like Gecko) Chrome/58.0.3029.110 Safari/537.36"
::1 - - [27/May/2017:06:20:41 +0000] "GET /__webpack_hmr HTTP/1.1" 200 - "http://localhost:8080/api" "Mozilla/5.0 (Windows NT 10.0; Win64; x64) AppleWebKit/537.36 (KHTML, like Gecko) Chrome/58.0.3029.110 Safari/537.36"
::1 - - [27/May/2017:06:20:41 +0000] "GET /app.js HTTP/1.1" 304 - "http://localhost:8080/api/user/list" "Mozilla/5.0 (Windows NT 10.0; Win64; x64) AppleWebKit/537.36 (KHTML, like Gecko) Chrome/58.0.3029.110 Safari/537.36"
::1 - - [27/May/2017:06:20:41 +0000] "GET /static/fonts/glyphicons-halflings-regular.448c34a.woff2 HTTP/1.1" 304 - "http://localhost:8080/api/user/list" "Mozilla/5.0 (Windows NT 10.0; Win64; x64) AppleWebKit/537.36 (KHTML, like Gecko) Chrome/58.0.3029.110 Safari/537.36"
::1 - - [27/May/2017:06:20:44 +0000] "GET /api/user/list HTTP/1.1" 304 - "-" "Mozilla/5.0 (Windows NT 10.0; Win64; x64) AppleWebKit/537.36 (KHTML, like Gecko) Chrome/58.0.3029.110 Safari/537.36"
::1 - - [27/May/2017:06:20:44 +0000] "GET /__webpack_hmr HTTP/1.1" 200 - "http://localhost:8080/api/user/list" "Mozilla/5.0 (Windows NT 10.0; Win64; x64) AppleWebKit/537.36 (KHTML, like Gecko) Chrome/58.0.3029.110 Safari/537.36"
::1 - - [27/May/2017:06:20:44 +0000] "GET /app.js HTTP/1.1" 304 - "http://localhost:8080/api/user/list" "Mozilla/5.0 (Windows NT 10.0; Win64; x64) AppleWebKit/537.36 (KHTML, like Gecko) Chrome/58.0.3029.110 Safari/537.36"
::1 - - [27/May/2017:06:20:44 +0000] "GET /static/fonts/glyphicons-halflings-regular.448c34a.woff2 HTTP/1.1" 304 - "http://localhost:8080/api/user/list" "Mozilla/5.0 (Windows NT 10.0; Win64; x64) AppleWebKit/537.36 (KHTML, like Gecko) Chrome/58.0.3029.110 Safari/537.36"
::1 - - [27/May/2017:06:20:48 +0000] "GET /api/user HTTP/1.1" 200 249 "-" "Mozilla/5.0 (Windows NT 10.0; Win64; x64) AppleWebKit/537.36 (KHTML, like Gecko) Chrome/58.0.3029.110 Safari/537.36"
::1 - - [27/May/2017:06:20:48 +0000] "GET /__webpack_hmr HTTP/1.1" 200 - "http://localhost:8080/api/user/list" "Mozilla/5.0 (Windows NT 10.0; Win64; x64) AppleWebKit/537.36 (KHTML, like Gecko) Chrome/58.0.3029.110 Safari/537.36"
::1 - - [27/May/2017:06:20:48 +0000] "GET /app.js HTTP/1.1" 304 - "http://localhost:8080/api/user" "Mozilla/5.0 (Windows NT 10.0; Win64; x64) AppleWebKit/537.36 (KHTML, like Gecko) Chrome/58.0.3029.110 Safari/537.36"
::1 - - [27/May/2017:06:20:48 +0000] "GET /static/fonts/glyphicons-halflings-regular.448c34a.woff2 HTTP/1.1" 304 - "http://localhost:8080/api/user" "Mozilla/5.0 (Windows NT 10.0; Win64; x64) AppleWebKit/537.36 (KHTML, like Gecko) Chrome/58.0.3029.110 Safari/537.36"
::1 - - [27/May/2017:06:20:51 +0000] "GET /api/user/ HTTP/1.1" 200 249 "-" "Mozilla/5.0 (Windows NT 10.0; Win64; x64) AppleWebKit/537.36 (KHTML, like Gecko) Chrome/58.0.3029.110 Safari/537.36"
::1 - - [27/May/2017:06:20:51 +0000] "GET /__webpack_hmr HTTP/1.1" 200 - "http://localhost:8080/api/user" "Mozilla/5.0 (Windows NT 10.0; Win64; x64) AppleWebKit/537.36 (KHTML, like Gecko) Chrome/58.0.3029.110 Safari/537.36"
::1 - - [27/May/2017:06:20:51 +0000] "GET /app.js HTTP/1.1" 304 - "http://localhost:8080/api/user/" "Mozilla/5.0 (Windows NT 10.0; Win64; x64) AppleWebKit/537.36 (KHTML, like Gecko) Chrome/58.0.3029.110 Safari/537.36"
::1 - - [27/May/2017:06:20:51 +0000] "GET /static/fonts/glyphicons-halflings-regular.448c34a.woff2 HTTP/1.1" 304 - "http://localhost:8080/api/user/" "Mozilla/5.0 (Windows NT 10.0; Win64; x64) AppleWebKit/537.36 (KHTML, like Gecko) Chrome/58.0.3029.110 Safari/537.36"
::1 - - [27/May/2017:06:20:54 +0000] "GET /api/user/list HTTP/1.1" 304 - "-" "Mozilla/5.0 (Windows NT 10.0; Win64; x64) AppleWebKit/537.36 (KHTML, like Gecko) Chrome/58.0.3029.110 Safari/537.36"
::1 - - [27/May/2017:06:20:54 +0000] "GET /__webpack_hmr HTTP/1.1" 200 - "http://localhost:8080/api/user/" "Mozilla/5.0 (Windows NT 10.0; Win64; x64) AppleWebKit/537.36 (KHTML, like Gecko) Chrome/58.0.3029.110 Safari/537.36"
::1 - - [27/May/2017:06:20:54 +0000] "GET /app.js HTTP/1.1" 304 - "http://localhost:8080/api/user/list" "Mozilla/5.0 (Windows NT 10.0; Win64; x64) AppleWebKit/537.36 (KHTML, like Gecko) Chrome/58.0.3029.110 Safari/537.36"
::1 - - [27/May/2017:06:20:54 +0000] "GET /static/fonts/glyphicons-halflings-regular.448c34a.woff2 HTTP/1.1" 304 - "http://localhost:8080/api/user/list" "Mozilla/5.0 (Windows NT 10.0; Win64; x64) AppleWebKit/537.36 (KHTML, like Gecko) Chrome/58.0.3029.110 Safari/537.36"
::1 - - [27/May/2017:06:21:07 +0000] "GET /api/user HTTP/1.1" 304 - "-" "Mozilla/5.0 (Windows NT 10.0; Win64; x64) AppleWebKit/537.36 (KHTML, like Gecko) Chrome/58.0.3029.110 Safari/537.36"
::1 - - [27/May/2017:06:21:07 +0000] "GET /__webpack_hmr HTTP/1.1" 200 - "http://localhost:8080/api/user/list" "Mozilla/5.0 (Windows NT 10.0; Win64; x64) AppleWebKit/537.36 (KHTML, like Gecko) Chrome/58.0.3029.110 Safari/537.36"
::1 - - [27/May/2017:06:21:07 +0000] "GET /app.js HTTP/1.1" 304 - "http://localhost:8080/api/user" "Mozilla/5.0 (Windows NT 10.0; Win64; x64) AppleWebKit/537.36 (KHTML, like Gecko) Chrome/58.0.3029.110 Safari/537.36"
::1 - - [27/May/2017:06:21:07 +0000] "GET /static/fonts/glyphicons-halflings-regular.448c34a.woff2 HTTP/1.1" 304 - "http://localhost:8080/api/user" "Mozilla/5.0 (Windows NT 10.0; Win64; x64) AppleWebKit/537.36 (KHTML, like Gecko) Chrome/58.0.3029.110 Safari/537.36"
::1 - - [27/May/2017:06:22:25 +0000] "GET /api/user HTTP/1.1" - - "-" "Mozilla/5.0 (Windows NT 10.0; Win64; x64) AppleWebKit/537.36 (KHTML, like Gecko) Chrome/58.0.3029.110 Safari/537.36"
::1 - - [27/May/2017:06:22:27 +0000] "GET /api/user HTTP/1.1" 200 249 "-" "Mozilla/5.0 (Windows NT 10.0; Win64; x64) AppleWebKit/537.36 (KHTML, like Gecko) Chrome/58.0.3029.110 Safari/537.36"
::1 - - [27/May/2017:06:22:27 +0000] "GET /app.js HTTP/1.1" 304 - "http://localhost:8080/api/user" "Mozilla/5.0 (Windows NT 10.0; Win64; x64) AppleWebKit/537.36 (KHTML, like Gecko) Chrome/58.0.3029.110 Safari/537.36"
::1 - - [27/May/2017:06:22:28 +0000] "GET / HTTP/1.1" 304 - "-" "Mozilla/5.0 (Windows NT 10.0; Win64; x64) AppleWebKit/537.36 (KHTML, like Gecko) Chrome/58.0.3029.110 Safari/537.36"
::1 - - [27/May/2017:06:22:28 +0000] "GET /app.js HTTP/1.1" 304 - "http://localhost:8080/" "Mozilla/5.0 (Windows NT 10.0; Win64; x64) AppleWebKit/537.36 (KHTML, like Gecko) Chrome/58.0.3029.110 Safari/537.36"
::1 - - [27/May/2017:06:22:28 +0000] "GET /static/fonts/glyphicons-halflings-regular.448c34a.woff2 HTTP/1.1" 304 - "http://localhost:8080/api/user" "Mozilla/5.0 (Windows NT 10.0; Win64; x64) AppleWebKit/537.36 (KHTML, like Gecko) Chrome/58.0.3029.110 Safari/537.36"
::1 - - [27/May/2017:06:22:29 +0000] "GET /static/fonts/glyphicons-halflings-regular.448c34a.woff2 HTTP/1.1" 304 - "http://localhost:8080/" "Mozilla/5.0 (Windows NT 10.0; Win64; x64) AppleWebKit/537.36 (KHTML, like Gecko) Chrome/58.0.3029.110 Safari/537.36"
::1 - - [27/May/2017:06:22:33 +0000] "GET /api/user/list HTTP/1.1" 304 - "-" "Mozilla/5.0 (Windows NT 10.0; Win64; x64) AppleWebKit/537.36 (KHTML, like Gecko) Chrome/58.0.3029.110 Safari/537.36"
::1 - - [27/May/2017:06:22:33 +0000] "GET /__webpack_hmr HTTP/1.1" 200 - "http://localhost:8080/api/user" "Mozilla/5.0 (Windows NT 10.0; Win64; x64) AppleWebKit/537.36 (KHTML, like Gecko) Chrome/58.0.3029.110 Safari/537.36"
::1 - - [27/May/2017:06:22:33 +0000] "GET /app.js HTTP/1.1" 304 - "http://localhost:8080/api/user/list" "Mozilla/5.0 (Windows NT 10.0; Win64; x64) AppleWebKit/537.36 (KHTML, like Gecko) Chrome/58.0.3029.110 Safari/537.36"
::1 - - [27/May/2017:06:22:33 +0000] "GET /static/fonts/glyphicons-halflings-regular.448c34a.woff2 HTTP/1.1" 304 - "http://localhost:8080/api/user/list" "Mozilla/5.0 (Windows NT 10.0; Win64; x64) AppleWebKit/537.36 (KHTML, like Gecko) Chrome/58.0.3029.110 Safari/537.36"
::1 - - [27/May/2017:06:22:35 +0000] "GET /api/user/list HTTP/1.1" 304 - "-" "Mozilla/5.0 (Windows NT 10.0; Win64; x64) AppleWebKit/537.36 (KHTML, like Gecko) Chrome/58.0.3029.110 Safari/537.36"
::1 - - [27/May/2017:06:22:35 +0000] "GET /__webpack_hmr HTTP/1.1" 200 - "http://localhost:8080/api/user/list" "Mozilla/5.0 (Windows NT 10.0; Win64; x64) AppleWebKit/537.36 (KHTML, like Gecko) Chrome/58.0.3029.110 Safari/537.36"
::1 - - [27/May/2017:06:22:35 +0000] "GET /app.js HTTP/1.1" 304 - "http://localhost:8080/api/user/list" "Mozilla/5.0 (Windows NT 10.0; Win64; x64) AppleWebKit/537.36 (KHTML, like Gecko) Chrome/58.0.3029.110 Safari/537.36"
::1 - - [27/May/2017:06:22:36 +0000] "GET /static/fonts/glyphicons-halflings-regular.448c34a.woff2 HTTP/1.1" 304 - "http://localhost:8080/api/user/list" "Mozilla/5.0 (Windows NT 10.0; Win64; x64) AppleWebKit/537.36 (KHTML, like Gecko) Chrome/58.0.3029.110 Safari/537.36"
::1 - - [27/May/2017:06:24:43 +0000] "GET / HTTP/1.1" 304 - "-" "Mozilla/5.0 (Windows NT 10.0; Win64; x64) AppleWebKit/537.36 (KHTML, like Gecko) Chrome/58.0.3029.110 Safari/537.36"
::1 - - [27/May/2017:06:24:43 +0000] "GET /app.js HTTP/1.1" 304 - "http://localhost:8080/" "Mozilla/5.0 (Windows NT 10.0; Win64; x64) AppleWebKit/537.36 (KHTML, like Gecko) Chrome/58.0.3029.110 Safari/537.36"
::1 - - [27/May/2017:06:24:44 +0000] "GET /static/fonts/glyphicons-halflings-regular.448c34a.woff2 HTTP/1.1" 304 - "http://localhost:8080/" "Mozilla/5.0 (Windows NT 10.0; Win64; x64) AppleWebKit/537.36 (KHTML, like Gecko) Chrome/58.0.3029.110 Safari/537.36"
::1 - - [27/May/2017:06:25:40 +0000] "GET /api/user HTTP/1.1" 200 22 "-" "Mozilla/5.0 (Windows NT 10.0; Win64; x64) AppleWebKit/537.36 (KHTML, like Gecko) Chrome/58.0.3029.110 Safari/537.36"
::1 - - [27/May/2017:06:25:40 +0000] "GET /api HTTP/1.1" - - "-" "Mozilla/5.0 (Windows NT 10.0; Win64; x64) AppleWebKit/537.36 (KHTML, like Gecko) Chrome/58.0.3029.110 Safari/537.36"
::1 - - [27/May/2017:06:25:42 +0000] "GET / HTTP/1.1" 304 - "-" "Mozilla/5.0 (Windows NT 10.0; Win64; x64) AppleWebKit/537.36 (KHTML, like Gecko) Chrome/58.0.3029.110 Safari/537.36"
::1 - - [27/May/2017:06:25:43 +0000] "GET /app.js HTTP/1.1" 304 - "http://localhost:8080/" "Mozilla/5.0 (Windows NT 10.0; Win64; x64) AppleWebKit/537.36 (KHTML, like Gecko) Chrome/58.0.3029.110 Safari/537.36"
::1 - - [27/May/2017:06:25:43 +0000] "GET /static/fonts/glyphicons-halflings-regular.448c34a.woff2 HTTP/1.1" 304 - "http://localhost:8080/" "Mozilla/5.0 (Windows NT 10.0; Win64; x64) AppleWebKit/537.36 (KHTML, like Gecko) Chrome/58.0.3029.110 Safari/537.36"
::1 - - [27/May/2017:06:25:48 +0000] "GET /api/user/list HTTP/1.1" 200 22 "-" "Mozilla/5.0 (Windows NT 10.0; Win64; x64) AppleWebKit/537.36 (KHTML, like Gecko) Chrome/58.0.3029.110 Safari/537.36"
::1 - - [27/May/2017:06:25:48 +0000] "GET /__webpack_hmr HTTP/1.1" 200 - "http://localhost:8080/" "Mozilla/5.0 (Windows NT 10.0; Win64; x64) AppleWebKit/537.36 (KHTML, like Gecko) Chrome/58.0.3029.110 Safari/537.36"
::1 - - [27/May/2017:06:25:52 +0000] "GET /api/user/list HTTP/1.1" 304 - "-" "Mozilla/5.0 (Windows NT 10.0; Win64; x64) AppleWebKit/537.36 (KHTML, like Gecko) Chrome/58.0.3029.110 Safari/537.36"
::1 - - [27/May/2017:06:26:49 +0000] "GET / HTTP/1.1" 304 - "-" "Mozilla/5.0 (Windows NT 10.0; Win64; x64) AppleWebKit/537.36 (KHTML, like Gecko) Chrome/58.0.3029.110 Safari/537.36"
::1 - - [27/May/2017:06:26:49 +0000] "GET /app.js HTTP/1.1" 304 - "http://localhost:8080/" "Mozilla/5.0 (Windows NT 10.0; Win64; x64) AppleWebKit/537.36 (KHTML, like Gecko) Chrome/58.0.3029.110 Safari/537.36"
::1 - - [27/May/2017:06:26:50 +0000] "GET /static/fonts/glyphicons-halflings-regular.448c34a.woff2 HTTP/1.1" 304 - "http://localhost:8080/" "Mozilla/5.0 (Windows NT 10.0; Win64; x64) AppleWebKit/537.36 (KHTML, like Gecko) Chrome/58.0.3029.110 Safari/537.36"
::1 - - [27/May/2017:06:26:54 +0000] "GET /api/user/list HTTP/1.1" 200 249 "-" "Mozilla/5.0 (Windows NT 10.0; Win64; x64) AppleWebKit/537.36 (KHTML, like Gecko) Chrome/58.0.3029.110 Safari/537.36"
::1 - - [27/May/2017:06:26:54 +0000] "GET /app.js HTTP/1.1" 304 - "http://localhost:8080/api/user/list" "Mozilla/5.0 (Windows NT 10.0; Win64; x64) AppleWebKit/537.36 (KHTML, like Gecko) Chrome/58.0.3029.110 Safari/537.36"
::1 - - [27/May/2017:06:26:54 +0000] "GET /static/fonts/glyphicons-halflings-regular.448c34a.woff2 HTTP/1.1" 304 - "http://localhost:8080/api/user/list" "Mozilla/5.0 (Windows NT 10.0; Win64; x64) AppleWebKit/537.36 (KHTML, like Gecko) Chrome/58.0.3029.110 Safari/537.36"
::1 - - [27/May/2017:06:26:57 +0000] "GET /api/user HTTP/1.1" 200 249 "-" "Mozilla/5.0 (Windows NT 10.0; Win64; x64) AppleWebKit/537.36 (KHTML, like Gecko) Chrome/58.0.3029.110 Safari/537.36"
::1 - - [27/May/2017:06:26:57 +0000] "GET /__webpack_hmr HTTP/1.1" 200 - "http://localhost:8080/api/user/list" "Mozilla/5.0 (Windows NT 10.0; Win64; x64) AppleWebKit/537.36 (KHTML, like Gecko) Chrome/58.0.3029.110 Safari/537.36"
::1 - - [27/May/2017:06:26:57 +0000] "GET /app.js HTTP/1.1" 304 - "http://localhost:8080/api/user" "Mozilla/5.0 (Windows NT 10.0; Win64; x64) AppleWebKit/537.36 (KHTML, like Gecko) Chrome/58.0.3029.110 Safari/537.36"
::1 - - [27/May/2017:06:26:58 +0000] "GET /static/fonts/glyphicons-halflings-regular.448c34a.woff2 HTTP/1.1" 304 - "http://localhost:8080/api/user" "Mozilla/5.0 (Windows NT 10.0; Win64; x64) AppleWebKit/537.36 (KHTML, like Gecko) Chrome/58.0.3029.110 Safari/537.36"
::1 - - [27/May/2017:06:27:05 +0000] "GET /api/user HTTP/1.1" 304 - "-" "Mozilla/5.0 (Windows NT 10.0; Win64; x64) AppleWebKit/537.36 (KHTML, like Gecko) Chrome/58.0.3029.110 Safari/537.36"
::1 - - [27/May/2017:06:27:05 +0000] "GET /__webpack_hmr HTTP/1.1" 200 - "http://localhost:8080/api/user" "Mozilla/5.0 (Windows NT 10.0; Win64; x64) AppleWebKit/537.36 (KHTML, like Gecko) Chrome/58.0.3029.110 Safari/537.36"
::1 - - [27/May/2017:06:27:05 +0000] "GET /app.js HTTP/1.1" 304 - "http://localhost:8080/api/user" "Mozilla/5.0 (Windows NT 10.0; Win64; x64) AppleWebKit/537.36 (KHTML, like Gecko) Chrome/58.0.3029.110 Safari/537.36"
::1 - - [27/May/2017:06:27:05 +0000] "GET /static/fonts/glyphicons-halflings-regular.448c34a.woff2 HTTP/1.1" 304 - "http://localhost:8080/api/user" "Mozilla/5.0 (Windows NT 10.0; Win64; x64) AppleWebKit/537.36 (KHTML, like Gecko) Chrome/58.0.3029.110 Safari/537.36"
::1 - - [27/May/2017:06:27:15 +0000] "GET /api/user/ HTTP/1.1" 304 - "-" "Mozilla/5.0 (Windows NT 10.0; Win64; x64) AppleWebKit/537.36 (KHTML, like Gecko) Chrome/58.0.3029.110 Safari/537.36"
::1 - - [27/May/2017:06:27:15 +0000] "GET /__webpack_hmr HTTP/1.1" 200 - "http://localhost:8080/api/user" "Mozilla/5.0 (Windows NT 10.0; Win64; x64) AppleWebKit/537.36 (KHTML, like Gecko) Chrome/58.0.3029.110 Safari/537.36"
::1 - - [27/May/2017:06:27:15 +0000] "GET /app.js HTTP/1.1" 304 - "http://localhost:8080/api/user/" "Mozilla/5.0 (Windows NT 10.0; Win64; x64) AppleWebKit/537.36 (KHTML, like Gecko) Chrome/58.0.3029.110 Safari/537.36"
::1 - - [27/May/2017:06:27:16 +0000] "GET /static/fonts/glyphicons-halflings-regular.448c34a.woff2 HTTP/1.1" 304 - "http://localhost:8080/api/user/" "Mozilla/5.0 (Windows NT 10.0; Win64; x64) AppleWebKit/537.36 (KHTML, like Gecko) Chrome/58.0.3029.110 Safari/537.36"
::1 - - [27/May/2017:06:27:20 +0000] "GET /api/user/list HTTP/1.1" 304 - "-" "Mozilla/5.0 (Windows NT 10.0; Win64; x64) AppleWebKit/537.36 (KHTML, like Gecko) Chrome/58.0.3029.110 Safari/537.36"
::1 - - [27/May/2017:06:27:20 +0000] "GET /__webpack_hmr HTTP/1.1" 200 - "http://localhost:8080/api/user/" "Mozilla/5.0 (Windows NT 10.0; Win64; x64) AppleWebKit/537.36 (KHTML, like Gecko) Chrome/58.0.3029.110 Safari/537.36"
::1 - - [27/May/2017:06:27:20 +0000] "GET /app.js HTTP/1.1" 304 - "http://localhost:8080/api/user/list" "Mozilla/5.0 (Windows NT 10.0; Win64; x64) AppleWebKit/537.36 (KHTML, like Gecko) Chrome/58.0.3029.110 Safari/537.36"
::1 - - [27/May/2017:06:27:21 +0000] "GET /static/fonts/glyphicons-halflings-regular.448c34a.woff2 HTTP/1.1" 304 - "http://localhost:8080/api/user/list" "Mozilla/5.0 (Windows NT 10.0; Win64; x64) AppleWebKit/537.36 (KHTML, like Gecko) Chrome/58.0.3029.110 Safari/537.36"
::1 - - [27/May/2017:06:28:23 +0000] "GET /api/user/list HTTP/1.1" 304 - "-" "Mozilla/5.0 (Windows NT 10.0; Win64; x64) AppleWebKit/537.36 (KHTML, like Gecko) Chrome/58.0.3029.110 Safari/537.36"
::1 - - [27/May/2017:06:28:23 +0000] "GET /__webpack_hmr HTTP/1.1" 200 - "http://localhost:8080/api/user/list" "Mozilla/5.0 (Windows NT 10.0; Win64; x64) AppleWebKit/537.36 (KHTML, like Gecko) Chrome/58.0.3029.110 Safari/537.36"
::1 - - [27/May/2017:06:28:23 +0000] "GET /app.js HTTP/1.1" 304 - "http://localhost:8080/api/user/list" "Mozilla/5.0 (Windows NT 10.0; Win64; x64) AppleWebKit/537.36 (KHTML, like Gecko) Chrome/58.0.3029.110 Safari/537.36"
::1 - - [27/May/2017:06:28:24 +0000] "GET /static/fonts/glyphicons-halflings-regular.448c34a.woff2 HTTP/1.1" 304 - "http://localhost:8080/api/user/list" "Mozilla/5.0 (Windows NT 10.0; Win64; x64) AppleWebKit/537.36 (KHTML, like Gecko) Chrome/58.0.3029.110 Safari/537.36"
::1 - - [27/May/2017:06:28:34 +0000] "GET /api/user/list HTTP/1.1" 200 249 "-" "Mozilla/5.0 (Windows NT 10.0; WOW64) AppleWebKit/537.36 (KHTML, like Gecko) Chrome/45.0.2454.101 Safari/537.36"
::1 - - [27/May/2017:06:28:34 +0000] "GET /app.js HTTP/1.1" 200 2249633 "http://localhost:8080/api/user/list" "Mozilla/5.0 (Windows NT 10.0; WOW64) AppleWebKit/537.36 (KHTML, like Gecko) Chrome/45.0.2454.101 Safari/537.36"
::1 - - [27/May/2017:06:28:34 +0000] "GET /static/fonts/glyphicons-halflings-regular.448c34a.woff2 HTTP/1.1" 200 18028 "http://localhost:8080/api/user/list" "Mozilla/5.0 (Windows NT 10.0; WOW64) AppleWebKit/537.36 (KHTML, like Gecko) Chrome/45.0.2454.101 Safari/537.36"
::1 - - [27/May/2017:06:29:16 +0000] "GET /api/user HTTP/1.1" 304 - "-" "Mozilla/5.0 (Windows NT 10.0; Win64; x64) AppleWebKit/537.36 (KHTML, like Gecko) Chrome/58.0.3029.110 Safari/537.36"
::1 - - [27/May/2017:06:29:16 +0000] "GET /__webpack_hmr HTTP/1.1" 200 - "http://localhost:8080/api/user/list" "Mozilla/5.0 (Windows NT 10.0; Win64; x64) AppleWebKit/537.36 (KHTML, like Gecko) Chrome/58.0.3029.110 Safari/537.36"
::1 - - [27/May/2017:06:29:16 +0000] "GET /app.js HTTP/1.1" 304 - "http://localhost:8080/api/user" "Mozilla/5.0 (Windows NT 10.0; Win64; x64) AppleWebKit/537.36 (KHTML, like Gecko) Chrome/58.0.3029.110 Safari/537.36"
::1 - - [27/May/2017:06:29:16 +0000] "GET /static/fonts/glyphicons-halflings-regular.448c34a.woff2 HTTP/1.1" 304 - "http://localhost:8080/api/user" "Mozilla/5.0 (Windows NT 10.0; Win64; x64) AppleWebKit/537.36 (KHTML, like Gecko) Chrome/58.0.3029.110 Safari/537.36"
::1 - - [27/May/2017:06:30:05 +0000] "GET / HTTP/1.1" 304 - "-" "Mozilla/5.0 (Windows NT 10.0; Win64; x64) AppleWebKit/537.36 (KHTML, like Gecko) Chrome/58.0.3029.110 Safari/537.36"
::1 - - [27/May/2017:06:30:05 +0000] "GET /app.js HTTP/1.1" 304 - "http://localhost:8080/" "Mozilla/5.0 (Windows NT 10.0; Win64; x64) AppleWebKit/537.36 (KHTML, like Gecko) Chrome/58.0.3029.110 Safari/537.36"
::1 - - [27/May/2017:06:30:06 +0000] "GET /static/fonts/glyphicons-halflings-regular.448c34a.woff2 HTTP/1.1" 304 - "http://localhost:8080/" "Mozilla/5.0 (Windows NT 10.0; Win64; x64) AppleWebKit/537.36 (KHTML, like Gecko) Chrome/58.0.3029.110 Safari/537.36"
::1 - - [27/May/2017:06:30:13 +0000] "GET /api/user HTTP/1.1" 200 22 "-" "Mozilla/5.0 (Windows NT 10.0; Win64; x64) AppleWebKit/537.36 (KHTML, like Gecko) Chrome/58.0.3029.110 Safari/537.36"
::1 - - [27/May/2017:06:30:13 +0000] "GET /__webpack_hmr HTTP/1.1" 200 - "http://localhost:8080/" "Mozilla/5.0 (Windows NT 10.0; Win64; x64) AppleWebKit/537.36 (KHTML, like Gecko) Chrome/58.0.3029.110 Safari/537.36"
::1 - - [27/May/2017:06:30:17 +0000] "GET /api/user/list HTTP/1.1" 200 22 "-" "Mozilla/5.0 (Windows NT 10.0; Win64; x64) AppleWebKit/537.36 (KHTML, like Gecko) Chrome/58.0.3029.110 Safari/537.36"
::1 - - [27/May/2017:06:30:18 +0000] "GET /api/user/list HTTP/1.1" 304 - "-" "Mozilla/5.0 (Windows NT 10.0; Win64; x64) AppleWebKit/537.36 (KHTML, like Gecko) Chrome/58.0.3029.110 Safari/537.36"
::1 - - [27/May/2017:06:30:19 +0000] "GET /api/user/list HTTP/1.1" 304 - "-" "Mozilla/5.0 (Windows NT 10.0; Win64; x64) AppleWebKit/537.36 (KHTML, like Gecko) Chrome/58.0.3029.110 Safari/537.36"
::1 - - [27/May/2017:06:30:19 +0000] "GET /api/user/list HTTP/1.1" 304 - "-" "Mozilla/5.0 (Windows NT 10.0; Win64; x64) AppleWebKit/537.36 (KHTML, like Gecko) Chrome/58.0.3029.110 Safari/537.36"
::1 - - [27/May/2017:06:30:19 +0000] "GET /api/user/list HTTP/1.1" 304 - "-" "Mozilla/5.0 (Windows NT 10.0; Win64; x64) AppleWebKit/537.36 (KHTML, like Gecko) Chrome/58.0.3029.110 Safari/537.36"
::1 - - [27/May/2017:06:31:07 +0000] "GET / HTTP/1.1" 304 - "-" "Mozilla/5.0 (Windows NT 10.0; Win64; x64) AppleWebKit/537.36 (KHTML, like Gecko) Chrome/58.0.3029.110 Safari/537.36"
::1 - - [27/May/2017:06:31:08 +0000] "GET /app.js HTTP/1.1" 304 - "http://localhost:8080/" "Mozilla/5.0 (Windows NT 10.0; Win64; x64) AppleWebKit/537.36 (KHTML, like Gecko) Chrome/58.0.3029.110 Safari/537.36"
::1 - - [27/May/2017:06:31:08 +0000] "GET /static/fonts/glyphicons-halflings-regular.448c34a.woff2 HTTP/1.1" 304 - "http://localhost:8080/" "Mozilla/5.0 (Windows NT 10.0; Win64; x64) AppleWebKit/537.36 (KHTML, like Gecko) Chrome/58.0.3029.110 Safari/537.36"
::1 - - [27/May/2017:06:31:10 +0000] "GET /api/user/list HTTP/1.1" 304 - "-" "Mozilla/5.0 (Windows NT 10.0; Win64; x64) AppleWebKit/537.36 (KHTML, like Gecko) Chrome/58.0.3029.110 Safari/537.36"
::1 - - [27/May/2017:06:31:11 +0000] "GET /api/user/list HTTP/1.1" 304 - "-" "Mozilla/5.0 (Windows NT 10.0; Win64; x64) AppleWebKit/537.36 (KHTML, like Gecko) Chrome/58.0.3029.110 Safari/537.36"
::1 - - [27/May/2017:06:31:11 +0000] "GET /api/user/list HTTP/1.1" 304 - "-" "Mozilla/5.0 (Windows NT 10.0; Win64; x64) AppleWebKit/537.36 (KHTML, like Gecko) Chrome/58.0.3029.110 Safari/537.36"
::1 - - [27/May/2017:06:31:19 +0000] "GET /api/user/list HTTP/1.1" 304 - "-" "Mozilla/5.0 (Windows NT 10.0; Win64; x64) AppleWebKit/537.36 (KHTML, like Gecko) Chrome/58.0.3029.110 Safari/537.36"
::1 - - [27/May/2017:06:31:19 +0000] "GET /api/user/list HTTP/1.1" 304 - "-" "Mozilla/5.0 (Windows NT 10.0; Win64; x64) AppleWebKit/537.36 (KHTML, like Gecko) Chrome/58.0.3029.110 Safari/537.36"
::1 - - [27/May/2017:06:31:20 +0000] "GET /api/user/list HTTP/1.1" 304 - "-" "Mozilla/5.0 (Windows NT 10.0; Win64; x64) AppleWebKit/537.36 (KHTML, like Gecko) Chrome/58.0.3029.110 Safari/537.36"
::1 - - [27/May/2017:06:31:20 +0000] "GET /api/user/list HTTP/1.1" 304 - "-" "Mozilla/5.0 (Windows NT 10.0; Win64; x64) AppleWebKit/537.36 (KHTML, like Gecko) Chrome/58.0.3029.110 Safari/537.36"
::1 - - [27/May/2017:06:31:47 +0000] "GET / HTTP/1.1" 304 - "-" "Mozilla/5.0 (Windows NT 10.0; Win64; x64) AppleWebKit/537.36 (KHTML, like Gecko) Chrome/58.0.3029.110 Safari/537.36"
::1 - - [27/May/2017:06:31:47 +0000] "GET /app.js HTTP/1.1" 304 - "http://localhost:8080/" "Mozilla/5.0 (Windows NT 10.0; Win64; x64) AppleWebKit/537.36 (KHTML, like Gecko) Chrome/58.0.3029.110 Safari/537.36"
::1 - - [27/May/2017:06:31:48 +0000] "GET /static/fonts/glyphicons-halflings-regular.448c34a.woff2 HTTP/1.1" 304 - "http://localhost:8080/" "Mozilla/5.0 (Windows NT 10.0; Win64; x64) AppleWebKit/537.36 (KHTML, like Gecko) Chrome/58.0.3029.110 Safari/537.36"
::1 - - [27/May/2017:06:31:52 +0000] "GET /api/user/list HTTP/1.1" 200 249 "-" "Mozilla/5.0 (Windows NT 10.0; Win64; x64) AppleWebKit/537.36 (KHTML, like Gecko) Chrome/58.0.3029.110 Safari/537.36"
::1 - - [27/May/2017:06:31:52 +0000] "GET /app.js HTTP/1.1" 304 - "http://localhost:8080/api/user/list" "Mozilla/5.0 (Windows NT 10.0; Win64; x64) AppleWebKit/537.36 (KHTML, like Gecko) Chrome/58.0.3029.110 Safari/537.36"
::1 - - [27/May/2017:06:31:52 +0000] "GET /static/fonts/glyphicons-halflings-regular.448c34a.woff2 HTTP/1.1" 304 - "http://localhost:8080/api/user/list" "Mozilla/5.0 (Windows NT 10.0; Win64; x64) AppleWebKit/537.36 (KHTML, like Gecko) Chrome/58.0.3029.110 Safari/537.36"
::1 - - [27/May/2017:06:32:45 +0000] "GET / HTTP/1.1" 304 - "-" "Mozilla/5.0 (Windows NT 10.0; Win64; x64) AppleWebKit/537.36 (KHTML, like Gecko) Chrome/58.0.3029.110 Safari/537.36"
::1 - - [27/May/2017:06:32:45 +0000] "GET /app.js HTTP/1.1" 304 - "http://localhost:8080/" "Mozilla/5.0 (Windows NT 10.0; Win64; x64) AppleWebKit/537.36 (KHTML, like Gecko) Chrome/58.0.3029.110 Safari/537.36"
::1 - - [27/May/2017:06:32:46 +0000] "GET /static/fonts/glyphicons-halflings-regular.448c34a.woff2 HTTP/1.1" 304 - "http://localhost:8080/" "Mozilla/5.0 (Windows NT 10.0; Win64; x64) AppleWebKit/537.36 (KHTML, like Gecko) Chrome/58.0.3029.110 Safari/537.36"
::1 - - [27/May/2017:06:32:48 +0000] "GET /__webpack_hmr HTTP/1.1" 200 - "http://localhost:8080/" "Mozilla/5.0 (Windows NT 10.0; Win64; x64) AppleWebKit/537.36 (KHTML, like Gecko) Chrome/58.0.3029.110 Safari/537.36"
::1 - - [27/May/2017:06:32:53 +0000] "GET /api/user HTTP/1.1" 200 249 "-" "Mozilla/5.0 (Windows NT 10.0; Win64; x64) AppleWebKit/537.36 (KHTML, like Gecko) Chrome/58.0.3029.110 Safari/537.36"
::1 - - [27/May/2017:06:32:53 +0000] "GET /app.js HTTP/1.1" 304 - "http://localhost:8080/api/user" "Mozilla/5.0 (Windows NT 10.0; Win64; x64) AppleWebKit/537.36 (KHTML, like Gecko) Chrome/58.0.3029.110 Safari/537.36"
::1 - - [27/May/2017:06:32:54 +0000] "GET /static/fonts/glyphicons-halflings-regular.448c34a.woff2 HTTP/1.1" 304 - "http://localhost:8080/api/user" "Mozilla/5.0 (Windows NT 10.0; Win64; x64) AppleWebKit/537.36 (KHTML, like Gecko) Chrome/58.0.3029.110 Safari/537.36"
::1 - - [27/May/2017:06:32:57 +0000] "GET /api/user HTTP/1.1" 304 - "-" "Mozilla/5.0 (Windows NT 10.0; Win64; x64) AppleWebKit/537.36 (KHTML, like Gecko) Chrome/58.0.3029.110 Safari/537.36"
::1 - - [27/May/2017:06:32:57 +0000] "GET /__webpack_hmr HTTP/1.1" 200 - "http://localhost:8080/api/user" "Mozilla/5.0 (Windows NT 10.0; Win64; x64) AppleWebKit/537.36 (KHTML, like Gecko) Chrome/58.0.3029.110 Safari/537.36"
::1 - - [27/May/2017:06:32:57 +0000] "GET /app.js HTTP/1.1" 304 - "http://localhost:8080/api/user" "Mozilla/5.0 (Windows NT 10.0; Win64; x64) AppleWebKit/537.36 (KHTML, like Gecko) Chrome/58.0.3029.110 Safari/537.36"
::1 - - [27/May/2017:06:32:57 +0000] "GET /static/fonts/glyphicons-halflings-regular.448c34a.woff2 HTTP/1.1" 304 - "http://localhost:8080/api/user" "Mozilla/5.0 (Windows NT 10.0; Win64; x64) AppleWebKit/537.36 (KHTML, like Gecko) Chrome/58.0.3029.110 Safari/537.36"
::1 - - [27/May/2017:06:33:00 +0000] "GET /api/user/list HTTP/1.1" 304 - "-" "Mozilla/5.0 (Windows NT 10.0; Win64; x64) AppleWebKit/537.36 (KHTML, like Gecko) Chrome/58.0.3029.110 Safari/537.36"
::1 - - [27/May/2017:06:33:00 +0000] "GET /__webpack_hmr HTTP/1.1" 200 - "http://localhost:8080/api/user" "Mozilla/5.0 (Windows NT 10.0; Win64; x64) AppleWebKit/537.36 (KHTML, like Gecko) Chrome/58.0.3029.110 Safari/537.36"
::1 - - [27/May/2017:06:33:00 +0000] "GET /app.js HTTP/1.1" 304 - "http://localhost:8080/api/user/list" "Mozilla/5.0 (Windows NT 10.0; Win64; x64) AppleWebKit/537.36 (KHTML, like Gecko) Chrome/58.0.3029.110 Safari/537.36"
::1 - - [27/May/2017:06:33:01 +0000] "GET /static/fonts/glyphicons-halflings-regular.448c34a.woff2 HTTP/1.1" 304 - "http://localhost:8080/api/user/list" "Mozilla/5.0 (Windows NT 10.0; Win64; x64) AppleWebKit/537.36 (KHTML, like Gecko) Chrome/58.0.3029.110 Safari/537.36"
::1 - - [27/May/2017:06:33:23 +0000] "GET /api/user/list HTTP/1.1" 200 249 "-" "Mozilla/5.0 (Windows NT 10.0; Win64; x64) AppleWebKit/537.36 (KHTML, like Gecko) Chrome/58.0.3029.110 Safari/537.36"
::1 - - [27/May/2017:06:33:23 +0000] "GET /__webpack_hmr HTTP/1.1" 200 - "http://localhost:8080/api/user/list" "Mozilla/5.0 (Windows NT 10.0; Win64; x64) AppleWebKit/537.36 (KHTML, like Gecko) Chrome/58.0.3029.110 Safari/537.36"
::1 - - [27/May/2017:06:33:23 +0000] "GET /app.js HTTP/1.1" 200 2249633 "http://localhost:8080/api/user/list" "Mozilla/5.0 (Windows NT 10.0; Win64; x64) AppleWebKit/537.36 (KHTML, like Gecko) Chrome/58.0.3029.110 Safari/537.36"
::1 - - [27/May/2017:06:33:24 +0000] "GET /static/fonts/glyphicons-halflings-regular.448c34a.woff2 HTTP/1.1" 200 18028 "http://localhost:8080/api/user/list" "Mozilla/5.0 (Windows NT 10.0; Win64; x64) AppleWebKit/537.36 (KHTML, like Gecko) Chrome/58.0.3029.110 Safari/537.36"
::1 - - [27/May/2017:06:33:26 +0000] "GET /api/user HTTP/1.1" 200 249 "-" "Mozilla/5.0 (Windows NT 10.0; Win64; x64) AppleWebKit/537.36 (KHTML, like Gecko) Chrome/58.0.3029.110 Safari/537.36"
::1 - - [27/May/2017:06:33:26 +0000] "GET /__webpack_hmr HTTP/1.1" 200 - "http://localhost:8080/api/user/list" "Mozilla/5.0 (Windows NT 10.0; Win64; x64) AppleWebKit/537.36 (KHTML, like Gecko) Chrome/58.0.3029.110 Safari/537.36"
::1 - - [27/May/2017:06:33:26 +0000] "GET /app.js HTTP/1.1" 200 2249633 "http://localhost:8080/api/user" "Mozilla/5.0 (Windows NT 10.0; Win64; x64) AppleWebKit/537.36 (KHTML, like Gecko) Chrome/58.0.3029.110 Safari/537.36"
::1 - - [27/May/2017:06:33:27 +0000] "GET /static/fonts/glyphicons-halflings-regular.448c34a.woff2 HTTP/1.1" 200 18028 "http://localhost:8080/api/user" "Mozilla/5.0 (Windows NT 10.0; Win64; x64) AppleWebKit/537.36 (KHTML, like Gecko) Chrome/58.0.3029.110 Safari/537.36"
::1 - - [27/May/2017:06:33:52 +0000] "GET /api/user/list HTTP/1.1" 200 249 "-" "Mozilla/5.0 (Windows NT 10.0; Win64; x64) AppleWebKit/537.36 (KHTML, like Gecko) Chrome/58.0.3029.110 Safari/537.36"
::1 - - [27/May/2017:06:33:52 +0000] "GET /__webpack_hmr HTTP/1.1" 200 - "http://localhost:8080/api/user" "Mozilla/5.0 (Windows NT 10.0; Win64; x64) AppleWebKit/537.36 (KHTML, like Gecko) Chrome/58.0.3029.110 Safari/537.36"
::1 - - [27/May/2017:06:33:52 +0000] "GET /app.js HTTP/1.1" 200 2249633 "http://localhost:8080/api/user/list" "Mozilla/5.0 (Windows NT 10.0; Win64; x64) AppleWebKit/537.36 (KHTML, like Gecko) Chrome/58.0.3029.110 Safari/537.36"
::1 - - [27/May/2017:06:33:53 +0000] "GET /static/fonts/glyphicons-halflings-regular.448c34a.woff2 HTTP/1.1" 200 18028 "http://localhost:8080/api/user/list" "Mozilla/5.0 (Windows NT 10.0; Win64; x64) AppleWebKit/537.36 (KHTML, like Gecko) Chrome/58.0.3029.110 Safari/537.36"
::1 - - [27/May/2017:06:34:30 +0000] "GET / HTTP/1.1" 304 - "-" "Mozilla/5.0 (Windows NT 10.0; Win64; x64) AppleWebKit/537.36 (KHTML, like Gecko) Chrome/58.0.3029.110 Safari/537.36"
::1 - - [27/May/2017:06:34:30 +0000] "GET /app.js HTTP/1.1" 304 - "http://localhost:8080/" "Mozilla/5.0 (Windows NT 10.0; Win64; x64) AppleWebKit/537.36 (KHTML, like Gecko) Chrome/58.0.3029.110 Safari/537.36"
::1 - - [27/May/2017:06:34:31 +0000] "GET /static/fonts/glyphicons-halflings-regular.448c34a.woff2 HTTP/1.1" 304 - "http://localhost:8080/" "Mozilla/5.0 (Windows NT 10.0; Win64; x64) AppleWebKit/537.36 (KHTML, like Gecko) Chrome/58.0.3029.110 Safari/537.36"
::1 - - [27/May/2017:06:34:39 +0000] "GET /api/user HTTP/1.1" 304 - "-" "Mozilla/5.0 (Windows NT 10.0; Win64; x64) AppleWebKit/537.36 (KHTML, like Gecko) Chrome/58.0.3029.110 Safari/537.36"
::1 - - [27/May/2017:06:34:39 +0000] "GET /__webpack_hmr HTTP/1.1" 200 - "http://localhost:8080/" "Mozilla/5.0 (Windows NT 10.0; Win64; x64) AppleWebKit/537.36 (KHTML, like Gecko) Chrome/58.0.3029.110 Safari/537.36"
::1 - - [27/May/2017:06:34:39 +0000] "GET /app.js HTTP/1.1" 304 - "http://localhost:8080/api/user" "Mozilla/5.0 (Windows NT 10.0; Win64; x64) AppleWebKit/537.36 (KHTML, like Gecko) Chrome/58.0.3029.110 Safari/537.36"
::1 - - [27/May/2017:06:34:39 +0000] "GET /static/fonts/glyphicons-halflings-regular.448c34a.woff2 HTTP/1.1" 304 - "http://localhost:8080/api/user" "Mozilla/5.0 (Windows NT 10.0; Win64; x64) AppleWebKit/537.36 (KHTML, like Gecko) Chrome/58.0.3029.110 Safari/537.36"
::1 - - [27/May/2017:06:34:42 +0000] "GET /api/user/list HTTP/1.1" 304 - "-" "Mozilla/5.0 (Windows NT 10.0; Win64; x64) AppleWebKit/537.36 (KHTML, like Gecko) Chrome/58.0.3029.110 Safari/537.36"
::1 - - [27/May/2017:06:34:42 +0000] "GET /__webpack_hmr HTTP/1.1" 200 - "http://localhost:8080/api/user" "Mozilla/5.0 (Windows NT 10.0; Win64; x64) AppleWebKit/537.36 (KHTML, like Gecko) Chrome/58.0.3029.110 Safari/537.36"
::1 - - [27/May/2017:06:34:42 +0000] "GET /app.js HTTP/1.1" 304 - "http://localhost:8080/api/user/list" "Mozilla/5.0 (Windows NT 10.0; Win64; x64) AppleWebKit/537.36 (KHTML, like Gecko) Chrome/58.0.3029.110 Safari/537.36"
::1 - - [27/May/2017:06:34:43 +0000] "GET /static/fonts/glyphicons-halflings-regular.448c34a.woff2 HTTP/1.1" 304 - "http://localhost:8080/api/user/list" "Mozilla/5.0 (Windows NT 10.0; Win64; x64) AppleWebKit/537.36 (KHTML, like Gecko) Chrome/58.0.3029.110 Safari/537.36"
::1 - - [27/May/2017:06:36:44 +0000] "GET / HTTP/1.1" 304 - "-" "Mozilla/5.0 (Windows NT 10.0; Win64; x64) AppleWebKit/537.36 (KHTML, like Gecko) Chrome/58.0.3029.110 Safari/537.36"
::1 - - [27/May/2017:06:36:44 +0000] "GET /app.js HTTP/1.1" 304 - "http://localhost:8080/" "Mozilla/5.0 (Windows NT 10.0; Win64; x64) AppleWebKit/537.36 (KHTML, like Gecko) Chrome/58.0.3029.110 Safari/537.36"
::1 - - [27/May/2017:06:36:45 +0000] "GET /static/fonts/glyphicons-halflings-regular.448c34a.woff2 HTTP/1.1" 304 - "http://localhost:8080/" "Mozilla/5.0 (Windows NT 10.0; Win64; x64) AppleWebKit/537.36 (KHTML, like Gecko) Chrome/58.0.3029.110 Safari/537.36"
::1 - - [27/May/2017:06:36:49 +0000] "GET /api/user HTTP/1.1" 304 - "-" "Mozilla/5.0 (Windows NT 10.0; Win64; x64) AppleWebKit/537.36 (KHTML, like Gecko) Chrome/58.0.3029.110 Safari/537.36"
::1 - - [27/May/2017:06:36:49 +0000] "GET /__webpack_hmr HTTP/1.1" 200 - "http://localhost:8080/" "Mozilla/5.0 (Windows NT 10.0; Win64; x64) AppleWebKit/537.36 (KHTML, like Gecko) Chrome/58.0.3029.110 Safari/537.36"
::1 - - [27/May/2017:06:36:49 +0000] "GET /app.js HTTP/1.1" 304 - "http://localhost:8080/api/user" "Mozilla/5.0 (Windows NT 10.0; Win64; x64) AppleWebKit/537.36 (KHTML, like Gecko) Chrome/58.0.3029.110 Safari/537.36"
::1 - - [27/May/2017:06:36:49 +0000] "GET /static/fonts/glyphicons-halflings-regular.448c34a.woff2 HTTP/1.1" 304 - "http://localhost:8080/api/user" "Mozilla/5.0 (Windows NT 10.0; Win64; x64) AppleWebKit/537.36 (KHTML, like Gecko) Chrome/58.0.3029.110 Safari/537.36"
::1 - - [27/May/2017:06:36:53 +0000] "GET /api/user/list HTTP/1.1" 304 - "-" "Mozilla/5.0 (Windows NT 10.0; Win64; x64) AppleWebKit/537.36 (KHTML, like Gecko) Chrome/58.0.3029.110 Safari/537.36"
::1 - - [27/May/2017:06:36:54 +0000] "GET /__webpack_hmr HTTP/1.1" 200 - "http://localhost:8080/api/user" "Mozilla/5.0 (Windows NT 10.0; Win64; x64) AppleWebKit/537.36 (KHTML, like Gecko) Chrome/58.0.3029.110 Safari/537.36"
::1 - - [27/May/2017:06:36:54 +0000] "GET /app.js HTTP/1.1" 304 - "http://localhost:8080/api/user/list" "Mozilla/5.0 (Windows NT 10.0; Win64; x64) AppleWebKit/537.36 (KHTML, like Gecko) Chrome/58.0.3029.110 Safari/537.36"
::1 - - [27/May/2017:06:36:54 +0000] "GET /static/fonts/glyphicons-halflings-regular.448c34a.woff2 HTTP/1.1" 304 - "http://localhost:8080/api/user/list" "Mozilla/5.0 (Windows NT 10.0; Win64; x64) AppleWebKit/537.36 (KHTML, like Gecko) Chrome/58.0.3029.110 Safari/537.36"
::1 - - [27/May/2017:06:37:00 +0000] "GET /api/user/list HTTP/1.1" 304 - "-" "Mozilla/5.0 (Windows NT 10.0; Win64; x64) AppleWebKit/537.36 (KHTML, like Gecko) Chrome/58.0.3029.110 Safari/537.36"
::1 - - [27/May/2017:06:37:00 +0000] "GET /__webpack_hmr HTTP/1.1" 200 - "http://localhost:8080/api/user/list" "Mozilla/5.0 (Windows NT 10.0; Win64; x64) AppleWebKit/537.36 (KHTML, like Gecko) Chrome/58.0.3029.110 Safari/537.36"
::1 - - [27/May/2017:06:37:00 +0000] "GET /app.js HTTP/1.1" 304 - "http://localhost:8080/api/user/list" "Mozilla/5.0 (Windows NT 10.0; Win64; x64) AppleWebKit/537.36 (KHTML, like Gecko) Chrome/58.0.3029.110 Safari/537.36"
::1 - - [27/May/2017:06:37:00 +0000] "GET /static/fonts/glyphicons-halflings-regular.448c34a.woff2 HTTP/1.1" 304 - "http://localhost:8080/api/user/list" "Mozilla/5.0 (Windows NT 10.0; Win64; x64) AppleWebKit/537.36 (KHTML, like Gecko) Chrome/58.0.3029.110 Safari/537.36"
::1 - - [27/May/2017:06:37:09 +0000] "GET /api/user/list HTTP/1.1" 200 249 "-" "Mozilla/5.0 (Windows NT 10.0; Win64; x64) AppleWebKit/537.36 (KHTML, like Gecko) Chrome/58.0.3029.110 Safari/537.36"
::1 - - [27/May/2017:06:37:09 +0000] "GET /__webpack_hmr HTTP/1.1" 200 - "http://localhost:8080/api/user/list" "Mozilla/5.0 (Windows NT 10.0; Win64; x64) AppleWebKit/537.36 (KHTML, like Gecko) Chrome/58.0.3029.110 Safari/537.36"
::1 - - [27/May/2017:06:37:09 +0000] "GET /app.js HTTP/1.1" 200 2249633 "http://localhost:8080/api/user/list" "Mozilla/5.0 (Windows NT 10.0; Win64; x64) AppleWebKit/537.36 (KHTML, like Gecko) Chrome/58.0.3029.110 Safari/537.36"
::1 - - [27/May/2017:06:37:10 +0000] "GET /static/fonts/glyphicons-halflings-regular.448c34a.woff2 HTTP/1.1" 200 18028 "http://localhost:8080/api/user/list" "Mozilla/5.0 (Windows NT 10.0; Win64; x64) AppleWebKit/537.36 (KHTML, like Gecko) Chrome/58.0.3029.110 Safari/537.36"
::1 - - [27/May/2017:06:37:14 +0000] "GET /1.js HTTP/1.1" 200 15560 "http://localhost:8080/api/user/list" "Mozilla/5.0 (Windows NT 10.0; Win64; x64) AppleWebKit/537.36 (KHTML, like Gecko) Chrome/58.0.3029.110 Safari/537.36"
::1 - - [27/May/2017:06:37:17 +0000] "GET /api/user/list HTTP/1.1" 200 249 "-" "Mozilla/5.0 (Windows NT 10.0; Win64; x64) AppleWebKit/537.36 (KHTML, like Gecko) Chrome/58.0.3029.110 Safari/537.36"
::1 - - [27/May/2017:06:37:17 +0000] "GET /__webpack_hmr HTTP/1.1" 200 - "http://localhost:8080/api/user/list" "Mozilla/5.0 (Windows NT 10.0; Win64; x64) AppleWebKit/537.36 (KHTML, like Gecko) Chrome/58.0.3029.110 Safari/537.36"
::1 - - [27/May/2017:06:37:17 +0000] "GET /app.js HTTP/1.1" 200 2249633 "http://localhost:8080/api/user/list" "Mozilla/5.0 (Windows NT 10.0; Win64; x64) AppleWebKit/537.36 (KHTML, like Gecko) Chrome/58.0.3029.110 Safari/537.36"
::1 - - [27/May/2017:06:37:18 +0000] "GET /static/fonts/glyphicons-halflings-regular.448c34a.woff2 HTTP/1.1" 200 18028 "http://localhost:8080/api/user/list" "Mozilla/5.0 (Windows NT 10.0; Win64; x64) AppleWebKit/537.36 (KHTML, like Gecko) Chrome/58.0.3029.110 Safari/537.36"
::1 - - [27/May/2017:06:37:27 +0000] "GET /__webpack_hmr HTTP/1.1" 200 - "http://localhost:8080/api/user/list" "Mozilla/5.0 (Windows NT 10.0; Win64; x64) AppleWebKit/537.36 (KHTML, like Gecko) Chrome/58.0.3029.110 Safari/537.36"
::1 - - [27/May/2017:06:37:27 +0000] "GET /__webpack_hmr HTTP/1.1" 200 - "http://localhost:8080/api/user" "Mozilla/5.0 (Windows NT 10.0; Win64; x64) AppleWebKit/537.36 (KHTML, like Gecko) Chrome/58.0.3029.110 Safari/537.36"
::1 - - [27/May/2017:06:37:27 +0000] "GET /__webpack_hmr HTTP/1.1" 200 - "http://localhost:8080/api/user/list" "Mozilla/5.0 (Windows NT 10.0; Win64; x64) AppleWebKit/537.36 (KHTML, like Gecko) Chrome/58.0.3029.110 Safari/537.36"
::1 - - [27/May/2017:06:37:27 +0000] "GET /__webpack_hmr HTTP/1.1" 200 - "http://localhost:8080/api/user/list" "Mozilla/5.0 (Windows NT 10.0; Win64; x64) AppleWebKit/537.36 (KHTML, like Gecko) Chrome/58.0.3029.110 Safari/537.36"
::1 - - [27/May/2017:06:37:30 +0000] "GET /api HTTP/1.1" 200 249 "-" "Mozilla/5.0 (Windows NT 10.0; Win64; x64) AppleWebKit/537.36 (KHTML, like Gecko) Chrome/58.0.3029.110 Safari/537.36"
::1 - - [27/May/2017:06:37:30 +0000] "GET /__webpack_hmr HTTP/1.1" 200 - "http://localhost:8080/" "Mozilla/5.0 (Windows NT 10.0; Win64; x64) AppleWebKit/537.36 (KHTML, like Gecko) Chrome/58.0.3029.110 Safari/537.36"
::1 - - [27/May/2017:06:37:30 +0000] "GET /app.js HTTP/1.1" 304 - "http://localhost:8080/api" "Mozilla/5.0 (Windows NT 10.0; Win64; x64) AppleWebKit/537.36 (KHTML, like Gecko) Chrome/58.0.3029.110 Safari/537.36"
::1 - - [27/May/2017:06:37:30 +0000] "GET /static/fonts/glyphicons-halflings-regular.448c34a.woff2 HTTP/1.1" 304 - "http://localhost:8080/api" "Mozilla/5.0 (Windows NT 10.0; Win64; x64) AppleWebKit/537.36 (KHTML, like Gecko) Chrome/58.0.3029.110 Safari/537.36"
::1 - - [27/May/2017:06:38:07 +0000] "GET / HTTP/1.1" 304 - "-" "Mozilla/5.0 (Windows NT 10.0; Win64; x64) AppleWebKit/537.36 (KHTML, like Gecko) Chrome/58.0.3029.110 Safari/537.36"
::1 - - [27/May/2017:06:38:07 +0000] "GET /app.js HTTP/1.1" 304 - "http://localhost:8080/" "Mozilla/5.0 (Windows NT 10.0; Win64; x64) AppleWebKit/537.36 (KHTML, like Gecko) Chrome/58.0.3029.110 Safari/537.36"
::1 - - [27/May/2017:06:38:08 +0000] "GET /static/fonts/glyphicons-halflings-regular.448c34a.woff2 HTTP/1.1" 304 - "http://localhost:8080/" "Mozilla/5.0 (Windows NT 10.0; Win64; x64) AppleWebKit/537.36 (KHTML, like Gecko) Chrome/58.0.3029.110 Safari/537.36"
::1 - - [27/May/2017:06:38:13 +0000] "GET /api/user HTTP/1.1" 304 - "-" "Mozilla/5.0 (Windows NT 10.0; Win64; x64) AppleWebKit/537.36 (KHTML, like Gecko) Chrome/58.0.3029.110 Safari/537.36"
::1 - - [27/May/2017:06:38:13 +0000] "GET /__webpack_hmr HTTP/1.1" 200 - "http://localhost:8080/api" "Mozilla/5.0 (Windows NT 10.0; Win64; x64) AppleWebKit/537.36 (KHTML, like Gecko) Chrome/58.0.3029.110 Safari/537.36"
::1 - - [27/May/2017:06:38:13 +0000] "GET /app.js HTTP/1.1" 304 - "http://localhost:8080/api/user" "Mozilla/5.0 (Windows NT 10.0; Win64; x64) AppleWebKit/537.36 (KHTML, like Gecko) Chrome/58.0.3029.110 Safari/537.36"
::1 - - [27/May/2017:06:38:14 +0000] "GET /static/fonts/glyphicons-halflings-regular.448c34a.woff2 HTTP/1.1" 304 - "http://localhost:8080/api/user" "Mozilla/5.0 (Windows NT 10.0; Win64; x64) AppleWebKit/537.36 (KHTML, like Gecko) Chrome/58.0.3029.110 Safari/537.36"
::1 - - [27/May/2017:06:38:17 +0000] "GET /api/user/list HTTP/1.1" 304 - "-" "Mozilla/5.0 (Windows NT 10.0; Win64; x64) AppleWebKit/537.36 (KHTML, like Gecko) Chrome/58.0.3029.110 Safari/537.36"
::1 - - [27/May/2017:06:38:17 +0000] "GET /__webpack_hmr HTTP/1.1" 200 - "http://localhost:8080/api/user" "Mozilla/5.0 (Windows NT 10.0; Win64; x64) AppleWebKit/537.36 (KHTML, like Gecko) Chrome/58.0.3029.110 Safari/537.36"
::1 - - [27/May/2017:06:38:17 +0000] "GET /app.js HTTP/1.1" 304 - "http://localhost:8080/api/user/list" "Mozilla/5.0 (Windows NT 10.0; Win64; x64) AppleWebKit/537.36 (KHTML, like Gecko) Chrome/58.0.3029.110 Safari/537.36"
::1 - - [27/May/2017:06:38:18 +0000] "GET /static/fonts/glyphicons-halflings-regular.448c34a.woff2 HTTP/1.1" 304 - "http://localhost:8080/api/user/list" "Mozilla/5.0 (Windows NT 10.0; Win64; x64) AppleWebKit/537.36 (KHTML, like Gecko) Chrome/58.0.3029.110 Safari/537.36"
::1 - - [27/May/2017:06:46:26 +0000] "GET / HTTP/1.1" 304 - "-" "Mozilla/5.0 (Windows NT 10.0; Win64; x64) AppleWebKit/537.36 (KHTML, like Gecko) Chrome/58.0.3029.110 Safari/537.36"
::1 - - [27/May/2017:06:46:26 +0000] "GET /app.js HTTP/1.1" 304 - "http://localhost:8080/" "Mozilla/5.0 (Windows NT 10.0; Win64; x64) AppleWebKit/537.36 (KHTML, like Gecko) Chrome/58.0.3029.110 Safari/537.36"
::1 - - [27/May/2017:06:46:27 +0000] "GET /static/fonts/glyphicons-halflings-regular.448c34a.woff2 HTTP/1.1" 304 - "http://localhost:8080/" "Mozilla/5.0 (Windows NT 10.0; Win64; x64) AppleWebKit/537.36 (KHTML, like Gecko) Chrome/58.0.3029.110 Safari/537.36"
::1 - - [27/May/2017:06:46:50 +0000] "GET /api/user HTTP/1.1" 304 - "-" "Mozilla/5.0 (Windows NT 10.0; Win64; x64) AppleWebKit/537.36 (KHTML, like Gecko) Chrome/58.0.3029.110 Safari/537.36"
::1 - - [27/May/2017:06:46:50 +0000] "GET /__webpack_hmr HTTP/1.1" 200 - "http://localhost:8080/" "Mozilla/5.0 (Windows NT 10.0; Win64; x64) AppleWebKit/537.36 (KHTML, like Gecko) Chrome/58.0.3029.110 Safari/537.36"
::1 - - [27/May/2017:06:46:50 +0000] "GET /app.js HTTP/1.1" 304 - "http://localhost:8080/api/user" "Mozilla/5.0 (Windows NT 10.0; Win64; x64) AppleWebKit/537.36 (KHTML, like Gecko) Chrome/58.0.3029.110 Safari/537.36"
::1 - - [27/May/2017:06:46:51 +0000] "GET /static/fonts/glyphicons-halflings-regular.448c34a.woff2 HTTP/1.1" 304 - "http://localhost:8080/api/user" "Mozilla/5.0 (Windows NT 10.0; Win64; x64) AppleWebKit/537.36 (KHTML, like Gecko) Chrome/58.0.3029.110 Safari/537.36"
::1 - - [27/May/2017:06:46:54 +0000] "GET /api/user/list HTTP/1.1" 200 8 "-" "Mozilla/5.0 (Windows NT 10.0; Win64; x64) AppleWebKit/537.36 (KHTML, like Gecko) Chrome/58.0.3029.110 Safari/537.36"
::1 - - [27/May/2017:06:46:54 +0000] "GET /__webpack_hmr HTTP/1.1" 200 - "http://localhost:8080/api/user" "Mozilla/5.0 (Windows NT 10.0; Win64; x64) AppleWebKit/537.36 (KHTML, like Gecko) Chrome/58.0.3029.110 Safari/537.36"
::1 - - [27/May/2017:06:47:13 +0000] "GET /api/user/list3 HTTP/1.1" 200 36 "-" "Mozilla/5.0 (Windows NT 10.0; Win64; x64) AppleWebKit/537.36 (KHTML, like Gecko) Chrome/58.0.3029.110 Safari/537.36"
::1 - - [27/May/2017:06:47:15 +0000] "GET /api/user/list3 HTTP/1.1" 304 - "-" "Mozilla/5.0 (Windows NT 10.0; Win64; x64) AppleWebKit/537.36 (KHTML, like Gecko) Chrome/58.0.3029.110 Safari/537.36"
::1 - - [27/May/2017:06:48:43 +0000] "GET / HTTP/1.1" 304 - "-" "Mozilla/5.0 (Windows NT 10.0; Win64; x64) AppleWebKit/537.36 (KHTML, like Gecko) Chrome/58.0.3029.110 Safari/537.36"
::1 - - [27/May/2017:06:48:43 +0000] "GET /app.js HTTP/1.1" 304 - "http://localhost:8080/" "Mozilla/5.0 (Windows NT 10.0; Win64; x64) AppleWebKit/537.36 (KHTML, like Gecko) Chrome/58.0.3029.110 Safari/537.36"
::1 - - [27/May/2017:06:48:44 +0000] "GET /static/fonts/glyphicons-halflings-regular.448c34a.woff2 HTTP/1.1" 304 - "http://localhost:8080/" "Mozilla/5.0 (Windows NT 10.0; Win64; x64) AppleWebKit/537.36 (KHTML, like Gecko) Chrome/58.0.3029.110 Safari/537.36"
::1 - - [27/May/2017:06:48:50 +0000] "GET /api/user HTTP/1.1" 200 22 "-" "Mozilla/5.0 (Windows NT 10.0; Win64; x64) AppleWebKit/537.36 (KHTML, like Gecko) Chrome/58.0.3029.110 Safari/537.36"
::1 - - [27/May/2017:06:48:50 +0000] "GET /__webpack_hmr HTTP/1.1" 200 - "http://localhost:8080/" "Mozilla/5.0 (Windows NT 10.0; Win64; x64) AppleWebKit/537.36 (KHTML, like Gecko) Chrome/58.0.3029.110 Safari/537.36"
::1 - - [27/May/2017:06:48:55 +0000] "GET /api/user/list HTTP/1.1" 200 33 "-" "Mozilla/5.0 (Windows NT 10.0; Win64; x64) AppleWebKit/537.36 (KHTML, like Gecko) Chrome/58.0.3029.110 Safari/537.36"
::1 - - [27/May/2017:06:48:57 +0000] "GET /api/user/list HTTP/1.1" 200 33 "-" "Mozilla/5.0 (Windows NT 10.0; Win64; x64) AppleWebKit/537.36 (KHTML, like Gecko) Chrome/58.0.3029.110 Safari/537.36"
::1 - - [27/May/2017:06:49:24 +0000] "GET /__webpack_hmr HTTP/1.1" 200 - "http://localhost:8080/api/user/list" "Mozilla/5.0 (Windows NT 10.0; Win64; x64) AppleWebKit/537.36 (KHTML, like Gecko) Chrome/58.0.3029.110 Safari/537.36"
::1 - - [27/May/2017:06:49:24 +0000] "GET /__webpack_hmr HTTP/1.1" 200 - "http://localhost:8080/" "Mozilla/5.0 (Windows NT 10.0; Win64; x64) AppleWebKit/537.36 (KHTML, like Gecko) Chrome/58.0.3029.110 Safari/537.36"
::1 - - [27/May/2017:06:57:18 +0000] "GET / HTTP/1.1" 304 - "-" "Mozilla/5.0 (Windows NT 10.0; Win64; x64) AppleWebKit/537.36 (KHTML, like Gecko) Chrome/58.0.3029.110 Safari/537.36"
::1 - - [27/May/2017:06:57:18 +0000] "GET /app.js HTTP/1.1" 304 - "http://localhost:8080/" "Mozilla/5.0 (Windows NT 10.0; Win64; x64) AppleWebKit/537.36 (KHTML, like Gecko) Chrome/58.0.3029.110 Safari/537.36"
::1 - - [27/May/2017:06:57:19 +0000] "GET /static/fonts/glyphicons-halflings-regular.448c34a.woff2 HTTP/1.1" 304 - "http://localhost:8080/" "Mozilla/5.0 (Windows NT 10.0; Win64; x64) AppleWebKit/537.36 (KHTML, like Gecko) Chrome/58.0.3029.110 Safari/537.36"
::1 - - [27/May/2017:06:57:22 +0000] "GET /api/user/list HTTP/1.1" 200 33 "-" "Mozilla/5.0 (Windows NT 10.0; Win64; x64) AppleWebKit/537.36 (KHTML, like Gecko) Chrome/58.0.3029.110 Safari/537.36"
::1 - - [27/May/2017:06:58:54 +0000] "GET / HTTP/1.1" 304 - "-" "Mozilla/5.0 (Windows NT 10.0; Win64; x64) AppleWebKit/537.36 (KHTML, like Gecko) Chrome/58.0.3029.110 Safari/537.36"
::1 - - [27/May/2017:06:58:54 +0000] "GET /app.js HTTP/1.1" 304 - "http://localhost:8080/" "Mozilla/5.0 (Windows NT 10.0; Win64; x64) AppleWebKit/537.36 (KHTML, like Gecko) Chrome/58.0.3029.110 Safari/537.36"
::1 - - [27/May/2017:06:58:54 +0000] "GET /static/fonts/glyphicons-halflings-regular.448c34a.woff2 HTTP/1.1" 304 - "http://localhost:8080/" "Mozilla/5.0 (Windows NT 10.0; Win64; x64) AppleWebKit/537.36 (KHTML, like Gecko) Chrome/58.0.3029.110 Safari/537.36"
::1 - - [27/May/2017:06:59:03 +0000] "GET /api/user/save HTTP/1.1" 200 363 "-" "Mozilla/5.0 (Windows NT 10.0; Win64; x64) AppleWebKit/537.36 (KHTML, like Gecko) Chrome/58.0.3029.110 Safari/537.36"
::1 - - [27/May/2017:06:59:03 +0000] "GET /__webpack_hmr HTTP/1.1" 200 - "http://localhost:8080/" "Mozilla/5.0 (Windows NT 10.0; Win64; x64) AppleWebKit/537.36 (KHTML, like Gecko) Chrome/58.0.3029.110 Safari/537.36"
::1 - - [27/May/2017:06:59:52 +0000] "GET /api/user/list HTTP/1.1" 200 33 "-" "Mozilla/5.0 (Windows NT 10.0; Win64; x64) AppleWebKit/537.36 (KHTML, like Gecko) Chrome/58.0.3029.110 Safari/537.36"
::1 - - [27/May/2017:07:00:52 +0000] "GET / HTTP/1.1" 304 - "-" "Mozilla/5.0 (Windows NT 10.0; Win64; x64) AppleWebKit/537.36 (KHTML, like Gecko) Chrome/58.0.3029.110 Safari/537.36"
::1 - - [27/May/2017:07:00:52 +0000] "GET /app.js HTTP/1.1" 304 - "http://localhost:8080/" "Mozilla/5.0 (Windows NT 10.0; Win64; x64) AppleWebKit/537.36 (KHTML, like Gecko) Chrome/58.0.3029.110 Safari/537.36"
::1 - - [27/May/2017:07:00:52 +0000] "GET /static/fonts/glyphicons-halflings-regular.448c34a.woff2 HTTP/1.1" 304 - "http://localhost:8080/" "Mozilla/5.0 (Windows NT 10.0; Win64; x64) AppleWebKit/537.36 (KHTML, like Gecko) Chrome/58.0.3029.110 Safari/537.36"
::1 - - [27/May/2017:07:00:58 +0000] "GET /api/user/save HTTP/1.1" 200 33 "-" "Mozilla/5.0 (Windows NT 10.0; Win64; x64) AppleWebKit/537.36 (KHTML, like Gecko) Chrome/58.0.3029.110 Safari/537.36"
::1 - - [27/May/2017:07:01:00 +0000] "GET /api/user/save HTTP/1.1" 304 - "-" "Mozilla/5.0 (Windows NT 10.0; Win64; x64) AppleWebKit/537.36 (KHTML, like Gecko) Chrome/58.0.3029.110 Safari/537.36"
::1 - - [27/May/2017:07:01:03 +0000] "GET /api/user/list HTTP/1.1" 200 8902 "-" "Mozilla/5.0 (Windows NT 10.0; Win64; x64) AppleWebKit/537.36 (KHTML, like Gecko) Chrome/58.0.3029.110 Safari/537.36"
::1 - - [27/May/2017:07:01:50 +0000] "GET /4dbb2a234c0639995393.hot-update.json HTTP/1.1" 200 43 "http://localhost:8080/api/user/list" "Mozilla/5.0 (Windows NT 10.0; WOW64) AppleWebKit/537.36 (KHTML, like Gecko) Chrome/45.0.2454.101 Safari/537.36"
::1 - - [27/May/2017:07:01:50 +0000] "GET /4dbb2a234c0639995393.hot-update.json HTTP/1.1" 200 43 "http://localhost:8080/" "Mozilla/5.0 (Windows NT 10.0; Win64; x64) AppleWebKit/537.36 (KHTML, like Gecko) Chrome/58.0.3029.110 Safari/537.36"
::1 - - [27/May/2017:07:01:50 +0000] "GET /4.4dbb2a234c0639995393.hot-update.js HTTP/1.1" 200 5595 "http://localhost:8080/api/user/list" "Mozilla/5.0 (Windows NT 10.0; WOW64) AppleWebKit/537.36 (KHTML, like Gecko) Chrome/45.0.2454.101 Safari/537.36"
::1 - - [27/May/2017:07:01:50 +0000] "GET /4dbb2a234c0639995393.hot-update.json HTTP/1.1" 304 - "http://localhost:8080/" "Mozilla/5.0 (Windows NT 10.0; Win64; x64) AppleWebKit/537.36 (KHTML, like Gecko) Chrome/58.0.3029.110 Safari/537.36"
::1 - - [27/May/2017:07:01:50 +0000] "GET /4.4dbb2a234c0639995393.hot-update.js HTTP/1.1" 200 5595 "http://localhost:8080/" "Mozilla/5.0 (Windows NT 10.0; Win64; x64) AppleWebKit/537.36 (KHTML, like Gecko) Chrome/58.0.3029.110 Safari/537.36"
::1 - - [27/May/2017:07:01:50 +0000] "GET /api/user/list HTTP/1.1" 200 8902 "http://localhost:8080/api/user/list" "Mozilla/5.0 (Windows NT 10.0; WOW64) AppleWebKit/537.36 (KHTML, like Gecko) Chrome/45.0.2454.101 Safari/537.36"
::1 - - [27/May/2017:07:01:50 +0000] "GET / HTTP/1.1" 304 - "http://localhost:8080/" "Mozilla/5.0 (Windows NT 10.0; Win64; x64) AppleWebKit/537.36 (KHTML, like Gecko) Chrome/58.0.3029.110 Safari/537.36"
::1 - - [27/May/2017:07:01:50 +0000] "GET /4.4dbb2a234c0639995393.hot-update.js HTTP/1.1" 304 - "http://localhost:8080/" "Mozilla/5.0 (Windows NT 10.0; Win64; x64) AppleWebKit/537.36 (KHTML, like Gecko) Chrome/58.0.3029.110 Safari/537.36"
::1 - - [27/May/2017:07:01:50 +0000] "GET /__webpack_hmr HTTP/1.1" 200 - "http://localhost:8080/api/user/list" "Mozilla/5.0 (Windows NT 10.0; WOW64) AppleWebKit/537.36 (KHTML, like Gecko) Chrome/45.0.2454.101 Safari/537.36"
::1 - - [27/May/2017:07:01:50 +0000] "GET /__webpack_hmr HTTP/1.1" 200 - "http://localhost:8080/" "Mozilla/5.0 (Windows NT 10.0; Win64; x64) AppleWebKit/537.36 (KHTML, like Gecko) Chrome/58.0.3029.110 Safari/537.36"
::1 - - [27/May/2017:07:01:50 +0000] "GET / HTTP/1.1" 304 - "http://localhost:8080/" "Mozilla/5.0 (Windows NT 10.0; Win64; x64) AppleWebKit/537.36 (KHTML, like Gecko) Chrome/58.0.3029.110 Safari/537.36"
::1 - - [27/May/2017:07:01:50 +0000] "GET /app.js HTTP/1.1" 200 2249688 "http://localhost:8080/" "Mozilla/5.0 (Windows NT 10.0; Win64; x64) AppleWebKit/537.36 (KHTML, like Gecko) Chrome/58.0.3029.110 Safari/537.36"
::1 - - [27/May/2017:07:01:50 +0000] "GET /__webpack_hmr HTTP/1.1" 200 - "http://localhost:8080/" "Mozilla/5.0 (Windows NT 10.0; Win64; x64) AppleWebKit/537.36 (KHTML, like Gecko) Chrome/58.0.3029.110 Safari/537.36"
::1 - - [27/May/2017:07:01:51 +0000] "GET /app.js HTTP/1.1" 200 2249688 "http://localhost:8080/" "Mozilla/5.0 (Windows NT 10.0; Win64; x64) AppleWebKit/537.36 (KHTML, like Gecko) Chrome/58.0.3029.110 Safari/537.36"
::1 - - [27/May/2017:07:01:51 +0000] "GET /static/fonts/glyphicons-halflings-regular.448c34a.woff2 HTTP/1.1" 304 - "http://localhost:8080/" "Mozilla/5.0 (Windows NT 10.0; Win64; x64) AppleWebKit/537.36 (KHTML, like Gecko) Chrome/58.0.3029.110 Safari/537.36"
::1 - - [27/May/2017:07:01:51 +0000] "GET /static/fonts/glyphicons-halflings-regular.448c34a.woff2 HTTP/1.1" 304 - "http://localhost:8080/" "Mozilla/5.0 (Windows NT 10.0; Win64; x64) AppleWebKit/537.36 (KHTML, like Gecko) Chrome/58.0.3029.110 Safari/537.36"
::1 - - [27/May/2017:07:02:18 +0000] "GET /1f009f15d4d993fcbef3.hot-update.json HTTP/1.1" 200 43 "http://localhost:8080/" "Mozilla/5.0 (Windows NT 10.0; Win64; x64) AppleWebKit/537.36 (KHTML, like Gecko) Chrome/58.0.3029.110 Safari/537.36"
::1 - - [27/May/2017:07:02:18 +0000] "GET /1f009f15d4d993fcbef3.hot-update.json HTTP/1.1" 200 43 "http://localhost:8080/" "Mozilla/5.0 (Windows NT 10.0; Win64; x64) AppleWebKit/537.36 (KHTML, like Gecko) Chrome/58.0.3029.110 Safari/537.36"
::1 - - [27/May/2017:07:02:18 +0000] "GET /4.1f009f15d4d993fcbef3.hot-update.js HTTP/1.1" 200 5724 "http://localhost:8080/" "Mozilla/5.0 (Windows NT 10.0; Win64; x64) AppleWebKit/537.36 (KHTML, like Gecko) Chrome/58.0.3029.110 Safari/537.36"
::1 - - [27/May/2017:07:02:18 +0000] "GET / HTTP/1.1" 304 - "http://localhost:8080/" "Mozilla/5.0 (Windows NT 10.0; Win64; x64) AppleWebKit/537.36 (KHTML, like Gecko) Chrome/58.0.3029.110 Safari/537.36"
::1 - - [27/May/2017:07:02:18 +0000] "GET /4.1f009f15d4d993fcbef3.hot-update.js HTTP/1.1" 304 - "http://localhost:8080/" "Mozilla/5.0 (Windows NT 10.0; Win64; x64) AppleWebKit/537.36 (KHTML, like Gecko) Chrome/58.0.3029.110 Safari/537.36"
::1 - - [27/May/2017:07:02:18 +0000] "GET /__webpack_hmr HTTP/1.1" 200 - "http://localhost:8080/" "Mozilla/5.0 (Windows NT 10.0; Win64; x64) AppleWebKit/537.36 (KHTML, like Gecko) Chrome/58.0.3029.110 Safari/537.36"
::1 - - [27/May/2017:07:02:18 +0000] "GET / HTTP/1.1" 304 - "http://localhost:8080/" "Mozilla/5.0 (Windows NT 10.0; Win64; x64) AppleWebKit/537.36 (KHTML, like Gecko) Chrome/58.0.3029.110 Safari/537.36"
::1 - - [27/May/2017:07:02:18 +0000] "GET /__webpack_hmr HTTP/1.1" 200 - "http://localhost:8080/" "Mozilla/5.0 (Windows NT 10.0; Win64; x64) AppleWebKit/537.36 (KHTML, like Gecko) Chrome/58.0.3029.110 Safari/537.36"
::1 - - [27/May/2017:07:02:18 +0000] "GET /app.js HTTP/1.1" 200 2249817 "http://localhost:8080/" "Mozilla/5.0 (Windows NT 10.0; Win64; x64) AppleWebKit/537.36 (KHTML, like Gecko) Chrome/58.0.3029.110 Safari/537.36"
::1 - - [27/May/2017:07:02:19 +0000] "GET /app.js HTTP/1.1" 200 2249817 "http://localhost:8080/" "Mozilla/5.0 (Windows NT 10.0; Win64; x64) AppleWebKit/537.36 (KHTML, like Gecko) Chrome/58.0.3029.110 Safari/537.36"
::1 - - [27/May/2017:07:02:20 +0000] "GET /static/fonts/glyphicons-halflings-regular.448c34a.woff2 HTTP/1.1" 304 - "http://localhost:8080/" "Mozilla/5.0 (Windows NT 10.0; Win64; x64) AppleWebKit/537.36 (KHTML, like Gecko) Chrome/58.0.3029.110 Safari/537.36"
::1 - - [27/May/2017:07:02:20 +0000] "GET /static/fonts/glyphicons-halflings-regular.448c34a.woff2 HTTP/1.1" 304 - "http://localhost:8080/" "Mozilla/5.0 (Windows NT 10.0; Win64; x64) AppleWebKit/537.36 (KHTML, like Gecko) Chrome/58.0.3029.110 Safari/537.36"
::1 - - [27/May/2017:07:03:34 +0000] "GET /81803497f3a855d2d3a9.hot-update.json HTTP/1.1" 200 43 "http://localhost:8080/" "Mozilla/5.0 (Windows NT 10.0; Win64; x64) AppleWebKit/537.36 (KHTML, like Gecko) Chrome/58.0.3029.110 Safari/537.36"
::1 - - [27/May/2017:07:03:34 +0000] "GET /81803497f3a855d2d3a9.hot-update.json HTTP/1.1" 304 - "http://localhost:8080/" "Mozilla/5.0 (Windows NT 10.0; Win64; x64) AppleWebKit/537.36 (KHTML, like Gecko) Chrome/58.0.3029.110 Safari/537.36"
::1 - - [27/May/2017:07:03:34 +0000] "GET /4.81803497f3a855d2d3a9.hot-update.js HTTP/1.1" 200 1105 "http://localhost:8080/" "Mozilla/5.0 (Windows NT 10.0; Win64; x64) AppleWebKit/537.36 (KHTML, like Gecko) Chrome/58.0.3029.110 Safari/537.36"
::1 - - [27/May/2017:07:03:34 +0000] "GET /4.81803497f3a855d2d3a9.hot-update.js HTTP/1.1" 304 - "http://localhost:8080/" "Mozilla/5.0 (Windows NT 10.0; Win64; x64) AppleWebKit/537.36 (KHTML, like Gecko) Chrome/58.0.3029.110 Safari/537.36"
::1 - - [27/May/2017:07:03:34 +0000] "GET / HTTP/1.1" 304 - "http://localhost:8080/" "Mozilla/5.0 (Windows NT 10.0; Win64; x64) AppleWebKit/537.36 (KHTML, like Gecko) Chrome/58.0.3029.110 Safari/537.36"
::1 - - [27/May/2017:07:03:34 +0000] "GET /__webpack_hmr HTTP/1.1" 200 - "http://localhost:8080/" "Mozilla/5.0 (Windows NT 10.0; Win64; x64) AppleWebKit/537.36 (KHTML, like Gecko) Chrome/58.0.3029.110 Safari/537.36"
::1 - - [27/May/2017:07:03:34 +0000] "GET / HTTP/1.1" 304 - "http://localhost:8080/" "Mozilla/5.0 (Windows NT 10.0; Win64; x64) AppleWebKit/537.36 (KHTML, like Gecko) Chrome/58.0.3029.110 Safari/537.36"
::1 - - [27/May/2017:07:03:34 +0000] "GET /__webpack_hmr HTTP/1.1" 200 - "http://localhost:8080/" "Mozilla/5.0 (Windows NT 10.0; Win64; x64) AppleWebKit/537.36 (KHTML, like Gecko) Chrome/58.0.3029.110 Safari/537.36"
::1 - - [27/May/2017:07:03:34 +0000] "GET /app.js HTTP/1.1" 200 2249951 "http://localhost:8080/" "Mozilla/5.0 (Windows NT 10.0; Win64; x64) AppleWebKit/537.36 (KHTML, like Gecko) Chrome/58.0.3029.110 Safari/537.36"
::1 - - [27/May/2017:07:03:35 +0000] "GET /app.js HTTP/1.1" 200 2249951 "http://localhost:8080/" "Mozilla/5.0 (Windows NT 10.0; Win64; x64) AppleWebKit/537.36 (KHTML, like Gecko) Chrome/58.0.3029.110 Safari/537.36"
::1 - - [27/May/2017:07:03:35 +0000] "GET /static/fonts/glyphicons-halflings-regular.448c34a.woff2 HTTP/1.1" 304 - "http://localhost:8080/" "Mozilla/5.0 (Windows NT 10.0; Win64; x64) AppleWebKit/537.36 (KHTML, like Gecko) Chrome/58.0.3029.110 Safari/537.36"
::1 - - [27/May/2017:07:03:35 +0000] "GET /static/fonts/glyphicons-halflings-regular.448c34a.woff2 HTTP/1.1" 304 - "http://localhost:8080/" "Mozilla/5.0 (Windows NT 10.0; Win64; x64) AppleWebKit/537.36 (KHTML, like Gecko) Chrome/58.0.3029.110 Safari/537.36"
::1 - - [27/May/2017:07:06:03 +0000] "GET /988d90fe47312ef5177e.hot-update.json HTTP/1.1" 200 43 "http://localhost:8080/" "Mozilla/5.0 (Windows NT 10.0; Win64; x64) AppleWebKit/537.36 (KHTML, like Gecko) Chrome/58.0.3029.110 Safari/537.36"
::1 - - [27/May/2017:07:06:03 +0000] "GET /988d90fe47312ef5177e.hot-update.json HTTP/1.1" 304 - "http://localhost:8080/" "Mozilla/5.0 (Windows NT 10.0; Win64; x64) AppleWebKit/537.36 (KHTML, like Gecko) Chrome/58.0.3029.110 Safari/537.36"
::1 - - [27/May/2017:07:06:03 +0000] "GET /4.988d90fe47312ef5177e.hot-update.js HTTP/1.1" 200 12186 "http://localhost:8080/" "Mozilla/5.0 (Windows NT 10.0; Win64; x64) AppleWebKit/537.36 (KHTML, like Gecko) Chrome/58.0.3029.110 Safari/537.36"
::1 - - [27/May/2017:07:06:03 +0000] "GET /4.988d90fe47312ef5177e.hot-update.js HTTP/1.1" 304 - "http://localhost:8080/" "Mozilla/5.0 (Windows NT 10.0; Win64; x64) AppleWebKit/537.36 (KHTML, like Gecko) Chrome/58.0.3029.110 Safari/537.36"
::1 - - [27/May/2017:07:06:03 +0000] "GET / HTTP/1.1" 304 - "http://localhost:8080/" "Mozilla/5.0 (Windows NT 10.0; Win64; x64) AppleWebKit/537.36 (KHTML, like Gecko) Chrome/58.0.3029.110 Safari/537.36"
::1 - - [27/May/2017:07:06:03 +0000] "GET /__webpack_hmr HTTP/1.1" 200 - "http://localhost:8080/" "Mozilla/5.0 (Windows NT 10.0; Win64; x64) AppleWebKit/537.36 (KHTML, like Gecko) Chrome/58.0.3029.110 Safari/537.36"
::1 - - [27/May/2017:07:06:03 +0000] "GET / HTTP/1.1" 304 - "http://localhost:8080/" "Mozilla/5.0 (Windows NT 10.0; Win64; x64) AppleWebKit/537.36 (KHTML, like Gecko) Chrome/58.0.3029.110 Safari/537.36"
::1 - - [27/May/2017:07:06:03 +0000] "GET /app.js HTTP/1.1" 200 2256565 "http://localhost:8080/" "Mozilla/5.0 (Windows NT 10.0; Win64; x64) AppleWebKit/537.36 (KHTML, like Gecko) Chrome/58.0.3029.110 Safari/537.36"
::1 - - [27/May/2017:07:06:03 +0000] "GET /__webpack_hmr HTTP/1.1" 200 - "http://localhost:8080/" "Mozilla/5.0 (Windows NT 10.0; Win64; x64) AppleWebKit/537.36 (KHTML, like Gecko) Chrome/58.0.3029.110 Safari/537.36"
::1 - - [27/May/2017:07:06:04 +0000] "GET /app.js HTTP/1.1" 200 2256565 "http://localhost:8080/" "Mozilla/5.0 (Windows NT 10.0; Win64; x64) AppleWebKit/537.36 (KHTML, like Gecko) Chrome/58.0.3029.110 Safari/537.36"
::1 - - [27/May/2017:07:06:04 +0000] "GET /static/fonts/glyphicons-halflings-regular.448c34a.woff2 HTTP/1.1" 304 - "http://localhost:8080/" "Mozilla/5.0 (Windows NT 10.0; Win64; x64) AppleWebKit/537.36 (KHTML, like Gecko) Chrome/58.0.3029.110 Safari/537.36"
::1 - - [27/May/2017:07:06:04 +0000] "GET /static/fonts/glyphicons-halflings-regular.448c34a.woff2 HTTP/1.1" 304 - "http://localhost:8080/" "Mozilla/5.0 (Windows NT 10.0; Win64; x64) AppleWebKit/537.36 (KHTML, like Gecko) Chrome/58.0.3029.110 Safari/537.36"
::1 - - [27/May/2017:07:11:35 +0000] "GET /9d3731451f0bbc92b734.hot-update.json HTTP/1.1" 200 83 "http://localhost:8080/" "Mozilla/5.0 (Windows NT 10.0; Win64; x64) AppleWebKit/537.36 (KHTML, like Gecko) Chrome/58.0.3029.110 Safari/537.36"
::1 - - [27/May/2017:07:11:35 +0000] "GET /9d3731451f0bbc92b734.hot-update.json HTTP/1.1" 304 - "http://localhost:8080/" "Mozilla/5.0 (Windows NT 10.0; Win64; x64) AppleWebKit/537.36 (KHTML, like Gecko) Chrome/58.0.3029.110 Safari/537.36"
::1 - - [27/May/2017:07:11:35 +0000] "GET /4.9d3731451f0bbc92b734.hot-update.js HTTP/1.1" 200 25538 "http://localhost:8080/" "Mozilla/5.0 (Windows NT 10.0; Win64; x64) AppleWebKit/537.36 (KHTML, like Gecko) Chrome/58.0.3029.110 Safari/537.36"
::1 - - [27/May/2017:07:11:35 +0000] "GET /4.9d3731451f0bbc92b734.hot-update.js HTTP/1.1" 304 - "http://localhost:8080/" "Mozilla/5.0 (Windows NT 10.0; Win64; x64) AppleWebKit/537.36 (KHTML, like Gecko) Chrome/58.0.3029.110 Safari/537.36"
::1 - - [27/May/2017:07:11:35 +0000] "GET / HTTP/1.1" 304 - "http://localhost:8080/" "Mozilla/5.0 (Windows NT 10.0; Win64; x64) AppleWebKit/537.36 (KHTML, like Gecko) Chrome/58.0.3029.110 Safari/537.36"
::1 - - [27/May/2017:07:11:35 +0000] "GET /__webpack_hmr HTTP/1.1" 200 - "http://localhost:8080/" "Mozilla/5.0 (Windows NT 10.0; Win64; x64) AppleWebKit/537.36 (KHTML, like Gecko) Chrome/58.0.3029.110 Safari/537.36"
::1 - - [27/May/2017:07:11:35 +0000] "GET /app.js HTTP/1.1" 200 2257657 "http://localhost:8080/" "Mozilla/5.0 (Windows NT 10.0; Win64; x64) AppleWebKit/537.36 (KHTML, like Gecko) Chrome/58.0.3029.110 Safari/537.36"
::1 - - [27/May/2017:07:11:35 +0000] "GET / HTTP/1.1" 304 - "http://localhost:8080/" "Mozilla/5.0 (Windows NT 10.0; Win64; x64) AppleWebKit/537.36 (KHTML, like Gecko) Chrome/58.0.3029.110 Safari/537.36"
::1 - - [27/May/2017:07:11:35 +0000] "GET /__webpack_hmr HTTP/1.1" 200 - "http://localhost:8080/" "Mozilla/5.0 (Windows NT 10.0; Win64; x64) AppleWebKit/537.36 (KHTML, like Gecko) Chrome/58.0.3029.110 Safari/537.36"
::1 - - [27/May/2017:07:11:35 +0000] "GET /app.js HTTP/1.1" 200 2257657 "http://localhost:8080/" "Mozilla/5.0 (Windows NT 10.0; Win64; x64) AppleWebKit/537.36 (KHTML, like Gecko) Chrome/58.0.3029.110 Safari/537.36"
::1 - - [27/May/2017:07:11:35 +0000] "GET /static/fonts/glyphicons-halflings-regular.448c34a.woff2 HTTP/1.1" 304 - "http://localhost:8080/" "Mozilla/5.0 (Windows NT 10.0; Win64; x64) AppleWebKit/537.36 (KHTML, like Gecko) Chrome/58.0.3029.110 Safari/537.36"
::1 - - [27/May/2017:07:11:36 +0000] "GET /static/fonts/glyphicons-halflings-regular.448c34a.woff2 HTTP/1.1" 304 - "http://localhost:8080/" "Mozilla/5.0 (Windows NT 10.0; Win64; x64) AppleWebKit/537.36 (KHTML, like Gecko) Chrome/58.0.3029.110 Safari/537.36"
::1 - - [27/May/2017:07:11:37 +0000] "GET /6.js HTTP/1.1" 200 8024 "http://localhost:8080/" "Mozilla/5.0 (Windows NT 10.0; Win64; x64) AppleWebKit/537.36 (KHTML, like Gecko) Chrome/58.0.3029.110 Safari/537.36"
::1 - - [27/May/2017:07:11:38 +0000] "POST /api/user/list HTTP/1.1" 200 8902 "http://localhost:8080/" "Mozilla/5.0 (Windows NT 10.0; Win64; x64) AppleWebKit/537.36 (KHTML, like Gecko) Chrome/58.0.3029.110 Safari/537.36"
::1 - - [27/May/2017:07:11:44 +0000] "GET / HTTP/1.1" 200 249 "http://localhost:8080/" "Mozilla/5.0 (Windows NT 10.0; Win64; x64) AppleWebKit/537.36 (KHTML, like Gecko) Chrome/58.0.3029.110 Safari/537.36"
::1 - - [27/May/2017:07:11:44 +0000] "GET /__webpack_hmr HTTP/1.1" 200 - "http://localhost:8080/" "Mozilla/5.0 (Windows NT 10.0; Win64; x64) AppleWebKit/537.36 (KHTML, like Gecko) Chrome/58.0.3029.110 Safari/537.36"
::1 - - [27/May/2017:07:11:44 +0000] "GET /app.js HTTP/1.1" 200 2257657 "http://localhost:8080/" "Mozilla/5.0 (Windows NT 10.0; Win64; x64) AppleWebKit/537.36 (KHTML, like Gecko) Chrome/58.0.3029.110 Safari/537.36"
::1 - - [27/May/2017:07:11:45 +0000] "GET /6.js HTTP/1.1" 200 8024 "http://localhost:8080/" "Mozilla/5.0 (Windows NT 10.0; Win64; x64) AppleWebKit/537.36 (KHTML, like Gecko) Chrome/58.0.3029.110 Safari/537.36"
::1 - - [27/May/2017:07:11:45 +0000] "POST /api/user/list HTTP/1.1" 200 8902 "http://localhost:8080/" "Mozilla/5.0 (Windows NT 10.0; Win64; x64) AppleWebKit/537.36 (KHTML, like Gecko) Chrome/58.0.3029.110 Safari/537.36"
::1 - - [27/May/2017:07:12:13 +0000] "GET /b4436a93e1217396c60d.hot-update.json HTTP/1.1" 200 43 "http://localhost:8080/" "Mozilla/5.0 (Windows NT 10.0; Win64; x64) AppleWebKit/537.36 (KHTML, like Gecko) Chrome/58.0.3029.110 Safari/537.36"
::1 - - [27/May/2017:07:12:13 +0000] "GET /b4436a93e1217396c60d.hot-update.json HTTP/1.1" 304 - "http://localhost:8080/" "Mozilla/5.0 (Windows NT 10.0; Win64; x64) AppleWebKit/537.36 (KHTML, like Gecko) Chrome/58.0.3029.110 Safari/537.36"
::1 - - [27/May/2017:07:12:13 +0000] "GET /4.b4436a93e1217396c60d.hot-update.js HTTP/1.1" 200 6742 "http://localhost:8080/" "Mozilla/5.0 (Windows NT 10.0; Win64; x64) AppleWebKit/537.36 (KHTML, like Gecko) Chrome/58.0.3029.110 Safari/537.36"
::1 - - [27/May/2017:07:12:13 +0000] "GET / HTTP/1.1" 200 249 "http://localhost:8080/" "Mozilla/5.0 (Windows NT 10.0; Win64; x64) AppleWebKit/537.36 (KHTML, like Gecko) Chrome/58.0.3029.110 Safari/537.36"
::1 - - [27/May/2017:07:12:13 +0000] "GET /__webpack_hmr HTTP/1.1" 200 - "http://localhost:8080/" "Mozilla/5.0 (Windows NT 10.0; Win64; x64) AppleWebKit/537.36 (KHTML, like Gecko) Chrome/58.0.3029.110 Safari/537.36"
::1 - - [27/May/2017:07:12:13 +0000] "GET /4.b4436a93e1217396c60d.hot-update.js HTTP/1.1" 304 - "http://localhost:8080/" "Mozilla/5.0 (Windows NT 10.0; Win64; x64) AppleWebKit/537.36 (KHTML, like Gecko) Chrome/58.0.3029.110 Safari/537.36"
::1 - - [27/May/2017:07:12:13 +0000] "GET /app.js HTTP/1.1" 200 2257670 "http://localhost:8080/" "Mozilla/5.0 (Windows NT 10.0; Win64; x64) AppleWebKit/537.36 (KHTML, like Gecko) Chrome/58.0.3029.110 Safari/537.36"
::1 - - [27/May/2017:07:12:13 +0000] "GET / HTTP/1.1" 304 - "http://localhost:8080/" "Mozilla/5.0 (Windows NT 10.0; Win64; x64) AppleWebKit/537.36 (KHTML, like Gecko) Chrome/58.0.3029.110 Safari/537.36"
::1 - - [27/May/2017:07:12:13 +0000] "GET /__webpack_hmr HTTP/1.1" 200 - "http://localhost:8080/" "Mozilla/5.0 (Windows NT 10.0; Win64; x64) AppleWebKit/537.36 (KHTML, like Gecko) Chrome/58.0.3029.110 Safari/537.36"
::1 - - [27/May/2017:07:12:14 +0000] "GET /app.js HTTP/1.1" 200 2257670 "http://localhost:8080/" "Mozilla/5.0 (Windows NT 10.0; Win64; x64) AppleWebKit/537.36 (KHTML, like Gecko) Chrome/58.0.3029.110 Safari/537.36"
::1 - - [27/May/2017:07:12:14 +0000] "GET /6.js HTTP/1.1" 200 8024 "http://localhost:8080/" "Mozilla/5.0 (Windows NT 10.0; Win64; x64) AppleWebKit/537.36 (KHTML, like Gecko) Chrome/58.0.3029.110 Safari/537.36"
::1 - - [27/May/2017:07:12:14 +0000] "POST /api/user/list HTTP/1.1" 200 8902 "http://localhost:8080/" "Mozilla/5.0 (Windows NT 10.0; Win64; x64) AppleWebKit/537.36 (KHTML, like Gecko) Chrome/58.0.3029.110 Safari/537.36"
::1 - - [27/May/2017:07:12:14 +0000] "GET /static/fonts/glyphicons-halflings-regular.448c34a.woff2 HTTP/1.1" 304 - "http://localhost:8080/" "Mozilla/5.0 (Windows NT 10.0; Win64; x64) AppleWebKit/537.36 (KHTML, like Gecko) Chrome/58.0.3029.110 Safari/537.36"
::1 - - [27/May/2017:07:12:27 +0000] "GET /c2b32405354284ff1ef1.hot-update.json HTTP/1.1" 200 43 "http://localhost:8080/" "Mozilla/5.0 (Windows NT 10.0; Win64; x64) AppleWebKit/537.36 (KHTML, like Gecko) Chrome/58.0.3029.110 Safari/537.36"
::1 - - [27/May/2017:07:12:27 +0000] "GET /c2b32405354284ff1ef1.hot-update.json HTTP/1.1" 304 - "http://localhost:8080/" "Mozilla/5.0 (Windows NT 10.0; Win64; x64) AppleWebKit/537.36 (KHTML, like Gecko) Chrome/58.0.3029.110 Safari/537.36"
::1 - - [27/May/2017:07:12:27 +0000] "GET /4.c2b32405354284ff1ef1.hot-update.js HTTP/1.1" 200 6736 "http://localhost:8080/" "Mozilla/5.0 (Windows NT 10.0; Win64; x64) AppleWebKit/537.36 (KHTML, like Gecko) Chrome/58.0.3029.110 Safari/537.36"
::1 - - [27/May/2017:07:12:27 +0000] "GET /4.c2b32405354284ff1ef1.hot-update.js HTTP/1.1" 304 - "http://localhost:8080/" "Mozilla/5.0 (Windows NT 10.0; Win64; x64) AppleWebKit/537.36 (KHTML, like Gecko) Chrome/58.0.3029.110 Safari/537.36"
::1 - - [27/May/2017:07:12:27 +0000] "GET / HTTP/1.1" 200 249 "http://localhost:8080/" "Mozilla/5.0 (Windows NT 10.0; Win64; x64) AppleWebKit/537.36 (KHTML, like Gecko) Chrome/58.0.3029.110 Safari/537.36"
::1 - - [27/May/2017:07:12:27 +0000] "GET /__webpack_hmr HTTP/1.1" 200 - "http://localhost:8080/" "Mozilla/5.0 (Windows NT 10.0; Win64; x64) AppleWebKit/537.36 (KHTML, like Gecko) Chrome/58.0.3029.110 Safari/537.36"
::1 - - [27/May/2017:07:12:27 +0000] "GET /app.js HTTP/1.1" 200 2257664 "http://localhost:8080/" "Mozilla/5.0 (Windows NT 10.0; Win64; x64) AppleWebKit/537.36 (KHTML, like Gecko) Chrome/58.0.3029.110 Safari/537.36"
::1 - - [27/May/2017:07:12:27 +0000] "GET / HTTP/1.1" 304 - "http://localhost:8080/" "Mozilla/5.0 (Windows NT 10.0; Win64; x64) AppleWebKit/537.36 (KHTML, like Gecko) Chrome/58.0.3029.110 Safari/537.36"
::1 - - [27/May/2017:07:12:27 +0000] "GET /__webpack_hmr HTTP/1.1" 200 - "http://localhost:8080/" "Mozilla/5.0 (Windows NT 10.0; Win64; x64) AppleWebKit/537.36 (KHTML, like Gecko) Chrome/58.0.3029.110 Safari/537.36"
::1 - - [27/May/2017:07:12:28 +0000] "GET /app.js HTTP/1.1" 200 2257664 "http://localhost:8080/" "Mozilla/5.0 (Windows NT 10.0; Win64; x64) AppleWebKit/537.36 (KHTML, like Gecko) Chrome/58.0.3029.110 Safari/537.36"
::1 - - [27/May/2017:07:12:28 +0000] "GET /6.js HTTP/1.1" 200 8024 "http://localhost:8080/" "Mozilla/5.0 (Windows NT 10.0; Win64; x64) AppleWebKit/537.36 (KHTML, like Gecko) Chrome/58.0.3029.110 Safari/537.36"
::1 - - [27/May/2017:07:12:28 +0000] "POST /api/user/list HTTP/1.1" 200 8902 "http://localhost:8080/" "Mozilla/5.0 (Windows NT 10.0; Win64; x64) AppleWebKit/537.36 (KHTML, like Gecko) Chrome/58.0.3029.110 Safari/537.36"
::1 - - [27/May/2017:07:12:29 +0000] "GET /static/fonts/glyphicons-halflings-regular.448c34a.woff2 HTTP/1.1" 304 - "http://localhost:8080/" "Mozilla/5.0 (Windows NT 10.0; Win64; x64) AppleWebKit/537.36 (KHTML, like Gecko) Chrome/58.0.3029.110 Safari/537.36"
::1 - - [27/May/2017:07:13:06 +0000] "GET /1bcfb365070c23da6dee.hot-update.json HTTP/1.1" 200 43 "http://localhost:8080/" "Mozilla/5.0 (Windows NT 10.0; Win64; x64) AppleWebKit/537.36 (KHTML, like Gecko) Chrome/58.0.3029.110 Safari/537.36"
::1 - - [27/May/2017:07:13:06 +0000] "GET /1bcfb365070c23da6dee.hot-update.json HTTP/1.1" 304 - "http://localhost:8080/" "Mozilla/5.0 (Windows NT 10.0; Win64; x64) AppleWebKit/537.36 (KHTML, like Gecko) Chrome/58.0.3029.110 Safari/537.36"
::1 - - [27/May/2017:07:13:06 +0000] "GET /4.1bcfb365070c23da6dee.hot-update.js HTTP/1.1" 200 7020 "http://localhost:8080/" "Mozilla/5.0 (Windows NT 10.0; Win64; x64) AppleWebKit/537.36 (KHTML, like Gecko) Chrome/58.0.3029.110 Safari/537.36"
::1 - - [27/May/2017:07:13:06 +0000] "GET / HTTP/1.1" 200 249 "http://localhost:8080/" "Mozilla/5.0 (Windows NT 10.0; Win64; x64) AppleWebKit/537.36 (KHTML, like Gecko) Chrome/58.0.3029.110 Safari/537.36"
::1 - - [27/May/2017:07:13:06 +0000] "GET /__webpack_hmr HTTP/1.1" 200 - "http://localhost:8080/" "Mozilla/5.0 (Windows NT 10.0; Win64; x64) AppleWebKit/537.36 (KHTML, like Gecko) Chrome/58.0.3029.110 Safari/537.36"
::1 - - [27/May/2017:07:13:06 +0000] "GET /app.js HTTP/1.1" 200 2257948 "http://localhost:8080/" "Mozilla/5.0 (Windows NT 10.0; Win64; x64) AppleWebKit/537.36 (KHTML, like Gecko) Chrome/58.0.3029.110 Safari/537.36"
::1 - - [27/May/2017:07:13:06 +0000] "GET /4.1bcfb365070c23da6dee.hot-update.js HTTP/1.1" 304 - "http://localhost:8080/" "Mozilla/5.0 (Windows NT 10.0; Win64; x64) AppleWebKit/537.36 (KHTML, like Gecko) Chrome/58.0.3029.110 Safari/537.36"
::1 - - [27/May/2017:07:13:06 +0000] "GET / HTTP/1.1" 304 - "http://localhost:8080/" "Mozilla/5.0 (Windows NT 10.0; Win64; x64) AppleWebKit/537.36 (KHTML, like Gecko) Chrome/58.0.3029.110 Safari/537.36"
::1 - - [27/May/2017:07:13:06 +0000] "GET /__webpack_hmr HTTP/1.1" 200 - "http://localhost:8080/" "Mozilla/5.0 (Windows NT 10.0; Win64; x64) AppleWebKit/537.36 (KHTML, like Gecko) Chrome/58.0.3029.110 Safari/537.36"
::1 - - [27/May/2017:07:13:07 +0000] "GET /app.js HTTP/1.1" 200 2257948 "http://localhost:8080/" "Mozilla/5.0 (Windows NT 10.0; Win64; x64) AppleWebKit/537.36 (KHTML, like Gecko) Chrome/58.0.3029.110 Safari/537.36"
::1 - - [27/May/2017:07:13:07 +0000] "GET /6.js HTTP/1.1" 200 8028 "http://localhost:8080/" "Mozilla/5.0 (Windows NT 10.0; Win64; x64) AppleWebKit/537.36 (KHTML, like Gecko) Chrome/58.0.3029.110 Safari/537.36"
::1 - - [27/May/2017:07:13:07 +0000] "POST /api/user/list HTTP/1.1" 200 8902 "http://localhost:8080/" "Mozilla/5.0 (Windows NT 10.0; Win64; x64) AppleWebKit/537.36 (KHTML, like Gecko) Chrome/58.0.3029.110 Safari/537.36"
::1 - - [27/May/2017:07:13:08 +0000] "GET /static/fonts/glyphicons-halflings-regular.448c34a.woff2 HTTP/1.1" 304 - "http://localhost:8080/" "Mozilla/5.0 (Windows NT 10.0; Win64; x64) AppleWebKit/537.36 (KHTML, like Gecko) Chrome/58.0.3029.110 Safari/537.36"
::1 - - [27/May/2017:07:13:42 +0000] "GET /a139b8ba8b5893c6524a.hot-update.json HTTP/1.1" 200 43 "http://localhost:8080/" "Mozilla/5.0 (Windows NT 10.0; Win64; x64) AppleWebKit/537.36 (KHTML, like Gecko) Chrome/58.0.3029.110 Safari/537.36"
::1 - - [27/May/2017:07:13:42 +0000] "GET /a139b8ba8b5893c6524a.hot-update.json HTTP/1.1" 200 43 "http://localhost:8080/" "Mozilla/5.0 (Windows NT 10.0; Win64; x64) AppleWebKit/537.36 (KHTML, like Gecko) Chrome/58.0.3029.110 Safari/537.36"
::1 - - [27/May/2017:07:13:42 +0000] "GET /6.a139b8ba8b5893c6524a.hot-update.js HTTP/1.1" 200 2070 "http://localhost:8080/" "Mozilla/5.0 (Windows NT 10.0; Win64; x64) AppleWebKit/537.36 (KHTML, like Gecko) Chrome/58.0.3029.110 Safari/537.36"
::1 - - [27/May/2017:07:14:06 +0000] "GET /d5aaf0d76b285dfb73cf.hot-update.json HTTP/1.1" 200 43 "http://localhost:8080/" "Mozilla/5.0 (Windows NT 10.0; Win64; x64) AppleWebKit/537.36 (KHTML, like Gecko) Chrome/58.0.3029.110 Safari/537.36"
::1 - - [27/May/2017:07:14:06 +0000] "GET /d5aaf0d76b285dfb73cf.hot-update.json HTTP/1.1" 200 43 "http://localhost:8080/" "Mozilla/5.0 (Windows NT 10.0; Win64; x64) AppleWebKit/537.36 (KHTML, like Gecko) Chrome/58.0.3029.110 Safari/537.36"
::1 - - [27/May/2017:07:14:06 +0000] "GET /6.d5aaf0d76b285dfb73cf.hot-update.js HTTP/1.1" 200 1852 "http://localhost:8080/" "Mozilla/5.0 (Windows NT 10.0; Win64; x64) AppleWebKit/537.36 (KHTML, like Gecko) Chrome/58.0.3029.110 Safari/537.36"
::1 - - [27/May/2017:07:14:12 +0000] "GET /37569cd49f5cd7a82684.hot-update.json HTTP/1.1" 200 43 "http://localhost:8080/" "Mozilla/5.0 (Windows NT 10.0; Win64; x64) AppleWebKit/537.36 (KHTML, like Gecko) Chrome/58.0.3029.110 Safari/537.36"
::1 - - [27/May/2017:07:14:12 +0000] "GET /37569cd49f5cd7a82684.hot-update.json HTTP/1.1" 304 - "http://localhost:8080/" "Mozilla/5.0 (Windows NT 10.0; Win64; x64) AppleWebKit/537.36 (KHTML, like Gecko) Chrome/58.0.3029.110 Safari/537.36"
::1 - - [27/May/2017:07:14:12 +0000] "GET /6.37569cd49f5cd7a82684.hot-update.js HTTP/1.1" 200 1921 "http://localhost:8080/" "Mozilla/5.0 (Windows NT 10.0; Win64; x64) AppleWebKit/537.36 (KHTML, like Gecko) Chrome/58.0.3029.110 Safari/537.36"
::1 - - [27/May/2017:07:14:22 +0000] "GET / HTTP/1.1" 200 249 "http://localhost:8080/" "Mozilla/5.0 (Windows NT 10.0; Win64; x64) AppleWebKit/537.36 (KHTML, like Gecko) Chrome/58.0.3029.110 Safari/537.36"
::1 - - [27/May/2017:07:14:22 +0000] "GET /__webpack_hmr HTTP/1.1" 200 - "http://localhost:8080/" "Mozilla/5.0 (Windows NT 10.0; Win64; x64) AppleWebKit/537.36 (KHTML, like Gecko) Chrome/58.0.3029.110 Safari/537.36"
::1 - - [27/May/2017:07:14:22 +0000] "GET /app.js HTTP/1.1" 200 2257948 "http://localhost:8080/" "Mozilla/5.0 (Windows NT 10.0; Win64; x64) AppleWebKit/537.36 (KHTML, like Gecko) Chrome/58.0.3029.110 Safari/537.36"
::1 - - [27/May/2017:07:14:22 +0000] "GET /6.js HTTP/1.1" 200 8255 "http://localhost:8080/" "Mozilla/5.0 (Windows NT 10.0; Win64; x64) AppleWebKit/537.36 (KHTML, like Gecko) Chrome/58.0.3029.110 Safari/537.36"
::1 - - [27/May/2017:07:14:22 +0000] "POST /api/user/list HTTP/1.1" 200 8902 "http://localhost:8080/" "Mozilla/5.0 (Windows NT 10.0; Win64; x64) AppleWebKit/537.36 (KHTML, like Gecko) Chrome/58.0.3029.110 Safari/537.36"
::1 - - [27/May/2017:07:15:30 +0000] "GET /9bcd9515392f95e69a36.hot-update.json HTTP/1.1" 200 43 "http://localhost:8080/" "Mozilla/5.0 (Windows NT 10.0; Win64; x64) AppleWebKit/537.36 (KHTML, like Gecko) Chrome/58.0.3029.110 Safari/537.36"
::1 - - [27/May/2017:07:15:30 +0000] "GET /9bcd9515392f95e69a36.hot-update.json HTTP/1.1" 200 43 "http://localhost:8080/" "Mozilla/5.0 (Windows NT 10.0; Win64; x64) AppleWebKit/537.36 (KHTML, like Gecko) Chrome/58.0.3029.110 Safari/537.36"
::1 - - [27/May/2017:07:15:30 +0000] "GET /6.9bcd9515392f95e69a36.hot-update.js HTTP/1.1" 200 1984 "http://localhost:8080/" "Mozilla/5.0 (Windows NT 10.0; Win64; x64) AppleWebKit/537.36 (KHTML, like Gecko) Chrome/58.0.3029.110 Safari/537.36"
::1 - - [27/May/2017:07:15:55 +0000] "GET /35bd54ed67ba80446ebf.hot-update.json HTTP/1.1" 200 43 "http://localhost:8080/" "Mozilla/5.0 (Windows NT 10.0; Win64; x64) AppleWebKit/537.36 (KHTML, like Gecko) Chrome/58.0.3029.110 Safari/537.36"
::1 - - [27/May/2017:07:15:55 +0000] "GET /35bd54ed67ba80446ebf.hot-update.json HTTP/1.1" 304 - "http://localhost:8080/" "Mozilla/5.0 (Windows NT 10.0; Win64; x64) AppleWebKit/537.36 (KHTML, like Gecko) Chrome/58.0.3029.110 Safari/537.36"
::1 - - [27/May/2017:07:15:55 +0000] "GET /6.35bd54ed67ba80446ebf.hot-update.js HTTP/1.1" 200 2049 "http://localhost:8080/" "Mozilla/5.0 (Windows NT 10.0; Win64; x64) AppleWebKit/537.36 (KHTML, like Gecko) Chrome/58.0.3029.110 Safari/537.36"
::1 - - [27/May/2017:07:16:26 +0000] "GET /b5d2eab446bc727f10e4.hot-update.json HTTP/1.1" 200 43 "http://localhost:8080/" "Mozilla/5.0 (Windows NT 10.0; Win64; x64) AppleWebKit/537.36 (KHTML, like Gecko) Chrome/58.0.3029.110 Safari/537.36"
::1 - - [27/May/2017:07:16:26 +0000] "GET /b5d2eab446bc727f10e4.hot-update.json HTTP/1.1" 200 43 "http://localhost:8080/" "Mozilla/5.0 (Windows NT 10.0; Win64; x64) AppleWebKit/537.36 (KHTML, like Gecko) Chrome/58.0.3029.110 Safari/537.36"
::1 - - [27/May/2017:07:16:26 +0000] "GET /6.b5d2eab446bc727f10e4.hot-update.js HTTP/1.1" 200 2201 "http://localhost:8080/" "Mozilla/5.0 (Windows NT 10.0; Win64; x64) AppleWebKit/537.36 (KHTML, like Gecko) Chrome/58.0.3029.110 Safari/537.36"
::1 - - [27/May/2017:07:16:29 +0000] "GET / HTTP/1.1" 200 249 "http://localhost:8080/" "Mozilla/5.0 (Windows NT 10.0; Win64; x64) AppleWebKit/537.36 (KHTML, like Gecko) Chrome/58.0.3029.110 Safari/537.36"
::1 - - [27/May/2017:07:16:29 +0000] "GET /__webpack_hmr HTTP/1.1" 200 - "http://localhost:8080/" "Mozilla/5.0 (Windows NT 10.0; Win64; x64) AppleWebKit/537.36 (KHTML, like Gecko) Chrome/58.0.3029.110 Safari/537.36"
::1 - - [27/May/2017:07:16:29 +0000] "GET /app.js HTTP/1.1" 200 2257948 "http://localhost:8080/" "Mozilla/5.0 (Windows NT 10.0; Win64; x64) AppleWebKit/537.36 (KHTML, like Gecko) Chrome/58.0.3029.110 Safari/537.36"
::1 - - [27/May/2017:07:16:30 +0000] "GET /6.js HTTP/1.1" 200 8611 "http://localhost:8080/" "Mozilla/5.0 (Windows NT 10.0; Win64; x64) AppleWebKit/537.36 (KHTML, like Gecko) Chrome/58.0.3029.110 Safari/537.36"
::1 - - [27/May/2017:07:16:30 +0000] "POST /api/user/list HTTP/1.1" 200 8902 "http://localhost:8080/" "Mozilla/5.0 (Windows NT 10.0; Win64; x64) AppleWebKit/537.36 (KHTML, like Gecko) Chrome/58.0.3029.110 Safari/537.36"
::1 - - [27/May/2017:07:17:42 +0000] "GET /da1eb0adda3b2f261498.hot-update.json HTTP/1.1" 200 43 "http://localhost:8080/" "Mozilla/5.0 (Windows NT 10.0; Win64; x64) AppleWebKit/537.36 (KHTML, like Gecko) Chrome/58.0.3029.110 Safari/537.36"
::1 - - [27/May/2017:07:17:42 +0000] "GET /da1eb0adda3b2f261498.hot-update.json HTTP/1.1" 200 43 "http://localhost:8080/" "Mozilla/5.0 (Windows NT 10.0; Win64; x64) AppleWebKit/537.36 (KHTML, like Gecko) Chrome/58.0.3029.110 Safari/537.36"
::1 - - [27/May/2017:07:17:42 +0000] "GET /6.da1eb0adda3b2f261498.hot-update.js HTTP/1.1" 200 4690 "http://localhost:8080/" "Mozilla/5.0 (Windows NT 10.0; Win64; x64) AppleWebKit/537.36 (KHTML, like Gecko) Chrome/58.0.3029.110 Safari/537.36"
::1 - - [27/May/2017:07:17:55 +0000] "GET /7c8643fd2d5fde18e209.hot-update.json HTTP/1.1" 200 43 "http://localhost:8080/" "Mozilla/5.0 (Windows NT 10.0; Win64; x64) AppleWebKit/537.36 (KHTML, like Gecko) Chrome/58.0.3029.110 Safari/537.36"
::1 - - [27/May/2017:07:17:55 +0000] "GET /7c8643fd2d5fde18e209.hot-update.json HTTP/1.1" 200 43 "http://localhost:8080/" "Mozilla/5.0 (Windows NT 10.0; Win64; x64) AppleWebKit/537.36 (KHTML, like Gecko) Chrome/58.0.3029.110 Safari/537.36"
::1 - - [27/May/2017:07:17:55 +0000] "GET /6.7c8643fd2d5fde18e209.hot-update.js HTTP/1.1" 200 4655 "http://localhost:8080/" "Mozilla/5.0 (Windows NT 10.0; Win64; x64) AppleWebKit/537.36 (KHTML, like Gecko) Chrome/58.0.3029.110 Safari/537.36"
::1 - - [27/May/2017:07:18:39 +0000] "GET /7f01c66cc567e3237acf.hot-update.json HTTP/1.1" 200 43 "http://localhost:8080/" "Mozilla/5.0 (Windows NT 10.0; Win64; x64) AppleWebKit/537.36 (KHTML, like Gecko) Chrome/58.0.3029.110 Safari/537.36"
::1 - - [27/May/2017:07:18:39 +0000] "GET /7f01c66cc567e3237acf.hot-update.json HTTP/1.1" 304 - "http://localhost:8080/" "Mozilla/5.0 (Windows NT 10.0; Win64; x64) AppleWebKit/537.36 (KHTML, like Gecko) Chrome/58.0.3029.110 Safari/537.36"
::1 - - [27/May/2017:07:18:39 +0000] "GET /6.7f01c66cc567e3237acf.hot-update.js HTTP/1.1" 200 3575 "http://localhost:8080/" "Mozilla/5.0 (Windows NT 10.0; Win64; x64) AppleWebKit/537.36 (KHTML, like Gecko) Chrome/58.0.3029.110 Safari/537.36"
::1 - - [27/May/2017:07:18:56 +0000] "GET /__webpack_hmr HTTP/1.1" 200 - "http://localhost:8080/" "Mozilla/5.0 (Windows NT 10.0; Win64; x64) AppleWebKit/537.36 (KHTML, like Gecko) Chrome/58.0.3029.110 Safari/537.36"
::1 - - [27/May/2017:07:18:56 +0000] "GET /__webpack_hmr HTTP/1.1" 200 - "http://localhost:8080/" "Mozilla/5.0 (Windows NT 10.0; Win64; x64) AppleWebKit/537.36 (KHTML, like Gecko) Chrome/58.0.3029.110 Safari/537.36"
